<?xml version="1.0" encoding="UTF-8"?>
<!-- Generated by org.testng.reporters.JUnitXMLReporter -->
<testsuite ignored="6" hostname="KTLPT1386" failures="0" tests="1" name="Default test" time="2.885" errors="0" timestamp="2024-07-09T13:50:50 IST">
  <testcase classname="APITestCase.Login" name="testLoginWithOtp" time="2.43"/>
  <testcase classname="APITestCase.Login" name="testResetPassword" time="0.0">
    <ignored/>
  </testcase> <!-- testResetPassword -->
  <testcase classname="APITestCase.Login" name="testOtpVerification" time="0.0">
    <ignored/>
  </testcase> <!-- testOtpVerification -->
  <testcase classname="APITestCase.Login" name="testLoginWithPassword" time="0.0">
    <ignored/>
  </testcase> <!-- testLoginWithPassword -->
  <testcase classname="APITestCase.Login" name="testLogout" time="0.0">
    <ignored/>
  </testcase> <!-- testLogout -->
  <testcase classname="APITestCase.Login" name="testUserProfile" time="0.0">
    <ignored/>
  </testcase> <!-- testUserProfile -->
  <testcase classname="APITestCase.Login" name="testCheckResetPassword" time="0.0">
    <ignored/>
  </testcase> <!-- testCheckResetPassword -->
</testsuite> <!-- Default test -->
