<?xml version="1.0" encoding="UTF-8"?>
<!-- Generated by org.testng.reporters.JUnitXMLReporter -->
<testsuite ignored="0" hostname="KTLPT1386" failures="0" tests="12" name="Default test" time="7.283" errors="0" timestamp="2024-07-09T11:33:19 IST">
  <testcase classname="APITestCase.ManageUser" name="AddUser" time="0.994"/>
  <testcase classname="APITestCase.ManageUser" name="GetUser" time="0.663"/>
  <testcase classname="APITestCase.ManageUser" name="ExportUser" time="0.513"/>
  <testcase classname="APITestCase.ManageUser" name="GetBranches" time="0.166"/>
  <testcase classname="APITestCase.ManageUser" name="GetVendorCompany" time="0.184"/>
  <testcase classname="APITestCase.ManageUser" name="ResendPassword" time="0.478"/>
  <testcase classname="APITestCase.ManageUser" name="ResetPassword" time="0.178"/>
  <testcase classname="APITestCase.ManageUser" name="RoleList" time="0.234"/>
  <testcase classname="APITestCase.ManageUser" name="UpdateUserStatus" time="0.169"/>
  <testcase classname="APITestCase.ManageUser" name="UploadUserProfileImage" time="0.298"/>
  <testcase classname="APITestCase.ManageUser" name="UsersCount" time="0.542"/>
  <testcase classname="APITestCase.ManageUser" name="UpdateUser" time="0.202"/>
</testsuite> <!-- Default test -->
