<?xml version="1.0" encoding="UTF-8"?>
<!-- Generated by org.testng.reporters.JUnitXMLReporter -->
<testsuite ignored="0" hostname="KTLPT1386" failures="0" tests="87" name="Test" time="30.654" errors="0" timestamp="2024-07-09T11:34:18 IST">
  <testcase classname="APITestCase.ManageInventory" name="@AfterClass close" time="0.004">
    <failure type="java.lang.AssertionError" message="expected [200] but found [403]">
      <![CDATA[java.lang.AssertionError: expected [200] but found [403]
at APITestCase.ManageInventory.close(ManageInventory.java:47)
at java.base/java.util.ArrayList.forEach(ArrayList.java:1511)
... Removed 31 stack frames]]>
    </failure>
  </testcase> <!-- @AfterClass close -->
  <testcase classname="APITestCase.Login" name="testLoginWithPassword" time="2.056"/>
  <testcase classname="APITestCase.Login" name="testLogout" time="0.227"/>
  <testcase classname="APITestCase.Login" name="testLoginWithOtp" time="0.479"/>
  <testcase classname="APITestCase.Login" name="testOtpVerification" time="0.213"/>
  <testcase classname="APITestCase.Login" name="testResetPassword" time="0.156"/>
  <testcase classname="APITestCase.Login" name="testCheckResetPassword" time="0.165"/>
  <testcase classname="APITestCase.Login" name="testUserProfile" time="0.295"/>
  <testcase classname="APITestCase.ManageUser" name="AddUser" time="0.503"/>
  <testcase classname="APITestCase.ManageUser" name="ExportUser" time="0.636"/>
  <testcase classname="APITestCase.ManageUser" name="GetBranches" time="0.162"/>
  <testcase classname="APITestCase.ManageUser" name="GetUser" time="0.558"/>
  <testcase classname="APITestCase.ManageUser" name="GetVendorCompany" time="0.201"/>
  <testcase classname="APITestCase.ManageUser" name="ResendPassword" time="0.408"/>
  <testcase classname="APITestCase.ManageUser" name="ResetPassword" time="0.209"/>
  <testcase classname="APITestCase.ManageUser" name="RoleList" time="0.281"/>
  <testcase classname="APITestCase.ManageUser" name="UpdateUser" time="0.244"/>
  <testcase classname="APITestCase.ManageUser" name="UpdateUserStatus" time="0.172"/>
  <testcase classname="APITestCase.ManageUser" name="UploadUserProfileImage" time="0.328"/>
  <testcase classname="APITestCase.ManageUser" name="UsersCount" time="0.475"/>
  <testcase classname="APITestCase.ManageLead" name="AddLead" time="1.19"/>
  <testcase classname="APITestCase.ManageLead" name="AddLeadActivity" time="0.165"/>
  <testcase classname="APITestCase.ManageLead" name="AddTaskForLead" time="0.224"/>
  <testcase classname="APITestCase.ManageLead" name="CheckLeadNumbers" time="0.122"/>
  <testcase classname="APITestCase.ManageLead" name="DeleteAttachment" time="0.203"/>
  <testcase classname="APITestCase.ManageLead" name="ExportLeads" time="1.606"/>
  <testcase classname="APITestCase.ManageLead" name="GetCity" time="0.125"/>
  <testcase classname="APITestCase.ManageLead" name="GetLeadActivity" time="0.106"/>
  <testcase classname="APITestCase.ManageLead" name="GetLeadDetails" time="0.138"/>
  <testcase classname="APITestCase.ManageLead" name="GetLeadHistory" time="0.14"/>
  <testcase classname="APITestCase.ManageLead" name="GetLeadOwner" time="0.189"/>
  <testcase classname="APITestCase.ManageLead" name="GetLeadStage" time="0.135"/>
  <testcase classname="APITestCase.ManageLead" name="GetLeadTask" time="0.252"/>
  <testcase classname="APITestCase.ManageLead" name="GetLeads" time="1.562"/>
  <testcase classname="APITestCase.ManageLead" name="GetRequirement" time="0.107"/>
  <testcase classname="APITestCase.ManageLead" name="GetStates" time="0.129"/>
  <testcase classname="APITestCase.ManageLead" name="GetTaskByLeadId" time="0.124"/>
  <testcase classname="APITestCase.ManageLead" name="MarkLeadAsStar" time="0.151"/>
  <testcase classname="APITestCase.ManageLead" name="MarkTaskAsCompleted" time="0.157"/>
  <testcase classname="APITestCase.ManageLead" name="RescheduleTask" time="0.176"/>
  <testcase classname="APITestCase.ManageLead" name="UpdateLead" time="0.335"/>
  <testcase classname="APITestCase.ManageLead" name="UpdateLeadStage" time="0.216"/>
  <testcase classname="APITestCase.ManageLead" name="UploadLeadAttachment" time="0.317"/>
  <testcase classname="APITestCase.ManageInventory" name="GetProductDetails" time="0.183"/>
  <testcase classname="APITestCase.ManageInventory" name="AddInventory" time="0.225"/>
  <testcase classname="APITestCase.ManageInventory" name="AddProductImage" time="0.516"/>
  <testcase classname="APITestCase.ManageInventory" name="GetInventory" time="0.224"/>
  <testcase classname="APITestCase.ManageInventory" name="UpdateProduct" time="0.131"/>
  <testcase classname="APITestCase.ManageQuotation" name="AddLead" time="0.176"/>
  <testcase classname="APITestCase.ManageQuotation" name="AddBillingAddress" time="0.105"/>
  <testcase classname="APITestCase.ManageQuotation" name="AddQuotation" time="0.226"/>
  <testcase classname="APITestCase.ManageQuotation" name="AddShippingAddress" time="0.196"/>
  <testcase classname="APITestCase.ManageQuotation" name="ConvertToOrder" time="0.848"/>
  <testcase classname="APITestCase.ManageQuotation" name="DeleteQuotation" time="0.216"/>
  <testcase classname="APITestCase.ManageQuotation" name="DownloadQuotation" time="2.913"/>
  <testcase classname="APITestCase.ManageQuotation" name="ExportQuotation" time="0.243"/>
  <testcase classname="APITestCase.ManageQuotation" name="GetQuotation" time="0.248"/>
  <testcase classname="APITestCase.ManageQuotation" name="QuotationDetail" time="0.143"/>
  <testcase classname="APITestCase.ManageQuotation" name="UpdateBillingAddress" time="0.199"/>
  <testcase classname="APITestCase.ManageQuotation" name="UpdateQuotation" time="0.213"/>
  <testcase classname="APITestCase.ManageQuotation" name="UpdateShippingAddress" time="0.26"/>
  <testcase classname="APITestCase.ManageProfile" name="testChangePassword" time="0.184"/>
  <testcase classname="APITestCase.ManageProfile" name="testGetUserProfile" time="0.185"/>
  <testcase classname="APITestCase.ManageProfile" name="testRemoveProfileImage" time="0.127"/>
  <testcase classname="APITestCase.ManageProfile" name="testUpdateUserProfile" time="0.194"/>
  <testcase classname="APITestCase.ManageProfile" name="testUploadProfileImage" time="0.239"/>
  <testcase classname="APITestCase.RolesAndPermissions" name="RoleList" time="0.217"/>
  <testcase classname="APITestCase.RolesAndPermissions" name="createRole" time="0.189"/>
  <testcase classname="APITestCase.RolesAndPermissions" name="deleteRole" time="0.187"/>
  <testcase classname="APITestCase.RolesAndPermissions" name="editRole" time="0.172"/>
  <testcase classname="APITestCase.RolesAndPermissions" name="editRoleName" time="0.195"/>
  <testcase classname="APITestCase.RolesAndPermissions" name="getRoleDetail" time="0.142"/>
  <testcase classname="APITestCase.RolesAndPermissions" name="getRoles" time="0.125"/>
  <testcase classname="APITestCase.Dashboard" name="ExportLeadConversionReport" time="0.289"/>
  <testcase classname="APITestCase.Dashboard" name="ExportLeadGenerationSources" time="0.257"/>
  <testcase classname="APITestCase.Dashboard" name="ExportLeadOverDueTask" time="0.294"/>
  <testcase classname="APITestCase.Dashboard" name="ExportNotYetConvertedQuotation" time="0.303"/>
  <testcase classname="APITestCase.Dashboard" name="ExportQuotationAnalytics" time="0.251"/>
  <testcase classname="APITestCase.Dashboard" name="ExportSalesExecutiveQuotationAnalytics" time="0.344"/>
  <testcase classname="APITestCase.Dashboard" name="ExportVendorPoorResponse" time="0.259"/>
  <testcase classname="APITestCase.Dashboard" name="ExportVendorQuickResponse" time="0.284"/>
  <testcase classname="APITestCase.Dashboard" name="ExportVendorStrikeRate" time="0.334"/>
  <testcase classname="APITestCase.Dashboard" name="GetDashboardData" time="0.209"/>
  <testcase classname="APITestCase.Dashboard" name="GetLeadAnalaytics" time="0.15"/>
  <testcase classname="APITestCase.Dashboard" name="GetOverDueTask" time="0.179"/>
  <testcase classname="APITestCase.Dashboard" name="GetQuotationAnalytics" time="0.156"/>
  <testcase classname="APITestCase.Dashboard" name="LeadConversionReport" time="0.166"/>
  <testcase classname="APITestCase.Dashboard" name="StockCheckAnalytics" time="0.177"/>
</testsuite> <!-- Test -->
