<?xml version="1.0" encoding="UTF-8"?>
<!-- Generated by org.testng.reporters.JUnitXMLReporter -->
<testsuite ignored="0" hostname="KTLPT1386" failures="0" tests="94" name="Test" time="39.458" errors="0" timestamp="2024-07-03T19:03:48 IST">
  <testcase classname="APITestCase.ManageInventory" name="@AfterClass close" time="0.005">
    <failure type="java.lang.AssertionError" message="expected [200] but found [403]">
      <![CDATA[java.lang.AssertionError: expected [200] but found [403]
at APITestCase.ManageInventory.close(ManageInventory.java:44)
at java.base/java.util.ArrayList.forEach(ArrayList.java:1511)
... Removed 31 stack frames]]>
    </failure>
  </testcase> <!-- @AfterClass close -->
  <testcase classname="APITestCase.Login" name="testLoginWithPassword" time="4.054"/>
  <testcase classname="APITestCase.Login" name="testLogout" time="0.285"/>
  <testcase classname="APITestCase.Login" name="testLoginWithOtp" time="0.613"/>
  <testcase classname="APITestCase.Login" name="testOtpVerification" time="0.328"/>
  <testcase classname="APITestCase.Login" name="testResetPassword" time="0.251"/>
  <testcase classname="APITestCase.Login" name="testCheckResetPassword" time="0.218"/>
  <testcase classname="APITestCase.Login" name="testUserProfile" time="0.218"/>
  <testcase classname="APITestCase.ManageUser" name="Login" time="0.232"/>
  <testcase classname="APITestCase.ManageUser" name="AddUser" time="0.652"/>
  <testcase classname="APITestCase.ManageUser" name="ExportUser" time="1.047"/>
  <testcase classname="APITestCase.ManageUser" name="GetBranches" time="0.252"/>
  <testcase classname="APITestCase.ManageUser" name="GetUser" time="0.663"/>
  <testcase classname="APITestCase.ManageUser" name="GetVendorCompany" time="0.188"/>
  <testcase classname="APITestCase.ManageUser" name="ResendPassword" time="0.42"/>
  <testcase classname="APITestCase.ManageUser" name="ResetPassword" time="0.253"/>
  <testcase classname="APITestCase.ManageUser" name="RoleList" time="0.399"/>
  <testcase classname="APITestCase.ManageUser" name="UpdateUser" time="0.229"/>
  <testcase classname="APITestCase.ManageUser" name="UpdateUserStatus" time="0.169"/>
  <testcase classname="APITestCase.ManageUser" name="UploadUserProfileImage" time="0.488"/>
  <testcase classname="APITestCase.ManageUser" name="UsersCount" time="0.776"/>
  <testcase classname="APITestCase.ManageLead" name="Login" time="0.149"/>
  <testcase classname="APITestCase.ManageLead" name="AddLead" time="0.971"/>
  <testcase classname="APITestCase.ManageLead" name="AddLeadActivity" time="0.186"/>
  <testcase classname="APITestCase.ManageLead" name="AddTaskForLead" time="0.208"/>
  <testcase classname="APITestCase.ManageLead" name="CheckLeadNumbers" time="0.157"/>
  <testcase classname="APITestCase.ManageLead" name="DeleteAttachment" time="0.151"/>
  <testcase classname="APITestCase.ManageLead" name="ExportLeads" time="2.402"/>
  <testcase classname="APITestCase.ManageLead" name="GetCity" time="0.125"/>
  <testcase classname="APITestCase.ManageLead" name="GetLeadActivity" time="0.09"/>
  <testcase classname="APITestCase.ManageLead" name="GetLeadDetails" time="0.162"/>
  <testcase classname="APITestCase.ManageLead" name="GetLeadHistory" time="0.153"/>
  <testcase classname="APITestCase.ManageLead" name="GetLeadOwner" time="0.241"/>
  <testcase classname="APITestCase.ManageLead" name="GetLeadStage" time="0.117"/>
  <testcase classname="APITestCase.ManageLead" name="GetLeadTask" time="0.217"/>
  <testcase classname="APITestCase.ManageLead" name="GetLeads" time="2.096"/>
  <testcase classname="APITestCase.ManageLead" name="GetRequirement" time="0.103"/>
  <testcase classname="APITestCase.ManageLead" name="GetStates" time="0.13"/>
  <testcase classname="APITestCase.ManageLead" name="GetTaskByLeadId" time="0.155"/>
  <testcase classname="APITestCase.ManageLead" name="MarkLeadAsStar" time="0.136"/>
  <testcase classname="APITestCase.ManageLead" name="MarkTaskAsCompleted" time="0.184"/>
  <testcase classname="APITestCase.ManageLead" name="RescheduleTask" time="0.205"/>
  <testcase classname="APITestCase.ManageLead" name="UpdateLead" time="0.344"/>
  <testcase classname="APITestCase.ManageLead" name="UpdateLeadStage" time="0.192"/>
  <testcase classname="APITestCase.ManageLead" name="UploadLeadAttachment" time="0.38"/>
  <testcase classname="APITestCase.ManageInventory" name="Login" time="1.182"/>
  <testcase classname="APITestCase.ManageInventory" name="GetProductDetails" time="0.185"/>
  <testcase classname="APITestCase.ManageInventory" name="AddInventory" time="0.259"/>
  <testcase classname="APITestCase.ManageInventory" name="AddProductImage" time="0.488"/>
  <testcase classname="APITestCase.ManageInventory" name="GetInventory" time="0.237"/>
  <testcase classname="APITestCase.ManageInventory" name="UpdateProduct" time="0.176"/>
  <testcase classname="APITestCase.ManageQuotation" name="Login" time="0.244"/>
  <testcase classname="APITestCase.ManageQuotation" name="AddLead" time="0.239"/>
  <testcase classname="APITestCase.ManageQuotation" name="AddBillingAddress" time="0.171"/>
  <testcase classname="APITestCase.ManageQuotation" name="AddQuotation" time="0.297"/>
  <testcase classname="APITestCase.ManageQuotation" name="AddShippingAddress" time="0.225"/>
  <testcase classname="APITestCase.ManageQuotation" name="ConvertToOrder" time="1.247"/>
  <testcase classname="APITestCase.ManageQuotation" name="DeleteQuotation" time="0.166"/>
  <testcase classname="APITestCase.ManageQuotation" name="DownloadQuotation" time="2.796"/>
  <testcase classname="APITestCase.ManageQuotation" name="ExportQuotation" time="0.325"/>
  <testcase classname="APITestCase.ManageQuotation" name="GetQuotation" time="0.192"/>
  <testcase classname="APITestCase.ManageQuotation" name="QuotationDetail" time="0.158"/>
  <testcase classname="APITestCase.ManageQuotation" name="UpdateBillingAddress" time="0.215"/>
  <testcase classname="APITestCase.ManageQuotation" name="UpdateQuotation" time="0.241"/>
  <testcase classname="APITestCase.ManageQuotation" name="UpdateShippingAddress" time="0.217"/>
  <testcase classname="APITestCase.ManageProfile" name="testLogin" time="0.134"/>
  <testcase classname="APITestCase.ManageProfile" name="testChangePassword" time="0.211"/>
  <testcase classname="APITestCase.ManageProfile" name="testGetUserProfile" time="0.264"/>
  <testcase classname="APITestCase.ManageProfile" name="testRemoveProfileImage" time="0.143"/>
  <testcase classname="APITestCase.ManageProfile" name="testUpdateUserProfile" time="0.168"/>
  <testcase classname="APITestCase.ManageProfile" name="testUploadProfileImage" time="1.294"/>
  <testcase classname="APITestCase.RolesAndPermissions" name="login" time="0.218"/>
  <testcase classname="APITestCase.RolesAndPermissions" name="RoleList" time="0.586"/>
  <testcase classname="APITestCase.RolesAndPermissions" name="createRole" time="0.224"/>
  <testcase classname="APITestCase.RolesAndPermissions" name="deleteRole" time="0.179"/>
  <testcase classname="APITestCase.RolesAndPermissions" name="editRole" time="0.222"/>
  <testcase classname="APITestCase.RolesAndPermissions" name="editRoleName" time="0.163"/>
  <testcase classname="APITestCase.RolesAndPermissions" name="getRoleDetail" time="0.172"/>
  <testcase classname="APITestCase.RolesAndPermissions" name="getRoles" time="0.163"/>
  <testcase classname="APITestCase.Dashboard" name="Login" time="0.182"/>
  <testcase classname="APITestCase.Dashboard" name="ExportLeadConversionReport" time="0.308"/>
  <testcase classname="APITestCase.Dashboard" name="ExportLeadGenerationSources" time="0.311"/>
  <testcase classname="APITestCase.Dashboard" name="ExportLeadOverDueTask" time="0.342"/>
  <testcase classname="APITestCase.Dashboard" name="ExportNotYetConvertedQuotation" time="0.302"/>
  <testcase classname="APITestCase.Dashboard" name="ExportQuotationAnalytics" time="0.288"/>
  <testcase classname="APITestCase.Dashboard" name="ExportSalesExecutiveQuotationAnalytics" time="0.25"/>
  <testcase classname="APITestCase.Dashboard" name="ExportVendorPoorResponse" time="0.293"/>
  <testcase classname="APITestCase.Dashboard" name="ExportVendorQuickResponse" time="0.291"/>
  <testcase classname="APITestCase.Dashboard" name="ExportVendorStrikeRate" time="0.31"/>
  <testcase classname="APITestCase.Dashboard" name="GetDashboardData" time="0.255"/>
  <testcase classname="APITestCase.Dashboard" name="GetLeadAnalaytics" time="0.145"/>
  <testcase classname="APITestCase.Dashboard" name="GetOverDueTask" time="0.167"/>
  <testcase classname="APITestCase.Dashboard" name="GetQuotationAnalytics" time="0.179"/>
  <testcase classname="APITestCase.Dashboard" name="LeadConversionReport" time="0.16"/>
  <testcase classname="APITestCase.Dashboard" name="StockCheckAnalytics" time="0.164"/>
</testsuite> <!-- Test -->
