<?xml version="1.0" encoding="UTF-8"?>
<testng-results ignored="0" total="87" passed="87" failed="0" skipped="0">
  <reporter-output>
  </reporter-output>
  <suite started-at="2024-07-09T11:33:48 IST" name="Suite" finished-at="2024-07-09T11:34:18 IST" duration-ms="30654">
    <groups>
    </groups>
    <test started-at="2024-07-09T11:33:48 IST" name="Test" finished-at="2024-07-09T11:34:18 IST" duration-ms="30654">
      <class name="APITestCase.ManageUser">
        <test-method is-config="true" signature="setup()[pri:0, instance:APITestCase.ManageUser@778db7c5]" started-at="2024-07-09T11:33:52 IST" name="setup" finished-at="2024-07-09T11:33:52 IST" duration-ms="284" status="PASS">
          <reporter-output>
          </reporter-output>
        </test-method> <!-- setup -->
        <test-method signature="AddUser()[pri:0, instance:APITestCase.ManageUser@778db7c5]" started-at="2024-07-09T11:33:52 IST" name="AddUser" finished-at="2024-07-09T11:33:53 IST" duration-ms="503" status="PASS">
          <reporter-output>
          </reporter-output>
        </test-method> <!-- AddUser -->
        <test-method signature="ExportUser()[pri:0, instance:APITestCase.ManageUser@778db7c5]" started-at="2024-07-09T11:33:53 IST" name="ExportUser" finished-at="2024-07-09T11:33:53 IST" duration-ms="636" status="PASS">
          <reporter-output>
          </reporter-output>
        </test-method> <!-- ExportUser -->
        <test-method signature="GetBranches()[pri:0, instance:APITestCase.ManageUser@778db7c5]" started-at="2024-07-09T11:33:53 IST" name="GetBranches" finished-at="2024-07-09T11:33:54 IST" duration-ms="162" status="PASS">
          <reporter-output>
          </reporter-output>
        </test-method> <!-- GetBranches -->
        <test-method signature="GetUser()[pri:0, instance:APITestCase.ManageUser@778db7c5]" started-at="2024-07-09T11:33:54 IST" name="GetUser" finished-at="2024-07-09T11:33:54 IST" duration-ms="558" status="PASS">
          <reporter-output>
          </reporter-output>
        </test-method> <!-- GetUser -->
        <test-method signature="GetVendorCompany()[pri:0, instance:APITestCase.ManageUser@778db7c5]" started-at="2024-07-09T11:33:54 IST" name="GetVendorCompany" finished-at="2024-07-09T11:33:54 IST" duration-ms="201" status="PASS">
          <reporter-output>
          </reporter-output>
        </test-method> <!-- GetVendorCompany -->
        <test-method signature="ResendPassword()[pri:0, instance:APITestCase.ManageUser@778db7c5]" started-at="2024-07-09T11:33:54 IST" name="ResendPassword" finished-at="2024-07-09T11:33:55 IST" duration-ms="408" status="PASS">
          <reporter-output>
          </reporter-output>
        </test-method> <!-- ResendPassword -->
        <test-method signature="ResetPassword()[pri:0, instance:APITestCase.ManageUser@778db7c5]" started-at="2024-07-09T11:33:55 IST" name="ResetPassword" finished-at="2024-07-09T11:33:55 IST" duration-ms="209" status="PASS">
          <reporter-output>
          </reporter-output>
        </test-method> <!-- ResetPassword -->
        <test-method signature="RoleList()[pri:0, instance:APITestCase.ManageUser@778db7c5]" started-at="2024-07-09T11:33:55 IST" name="RoleList" finished-at="2024-07-09T11:33:55 IST" duration-ms="281" status="PASS">
          <reporter-output>
          </reporter-output>
        </test-method> <!-- RoleList -->
        <test-method signature="UpdateUser()[pri:0, instance:APITestCase.ManageUser@778db7c5]" started-at="2024-07-09T11:33:55 IST" name="UpdateUser" finished-at="2024-07-09T11:33:55 IST" depends-on-methods="APITestCase.ManageUser.AddUser" duration-ms="244" status="PASS">
          <reporter-output>
          </reporter-output>
        </test-method> <!-- UpdateUser -->
        <test-method signature="UpdateUserStatus()[pri:0, instance:APITestCase.ManageUser@778db7c5]" started-at="2024-07-09T11:33:55 IST" name="UpdateUserStatus" finished-at="2024-07-09T11:33:56 IST" duration-ms="172" status="PASS">
          <reporter-output>
          </reporter-output>
        </test-method> <!-- UpdateUserStatus -->
        <test-method signature="UploadUserProfileImage()[pri:0, instance:APITestCase.ManageUser@778db7c5]" started-at="2024-07-09T11:33:56 IST" name="UploadUserProfileImage" finished-at="2024-07-09T11:33:56 IST" duration-ms="328" status="PASS">
          <reporter-output>
          </reporter-output>
        </test-method> <!-- UploadUserProfileImage -->
        <test-method signature="UsersCount()[pri:0, instance:APITestCase.ManageUser@778db7c5]" started-at="2024-07-09T11:33:56 IST" name="UsersCount" finished-at="2024-07-09T11:33:56 IST" duration-ms="475" status="PASS">
          <reporter-output>
          </reporter-output>
        </test-method> <!-- UsersCount -->
        <test-method is-config="true" signature="close()[pri:0, instance:APITestCase.ManageUser@778db7c5]" started-at="2024-07-09T11:33:56 IST" name="close" finished-at="2024-07-09T11:33:56 IST" duration-ms="0" status="PASS">
          <reporter-output>
          </reporter-output>
        </test-method> <!-- close -->
      </class> <!-- APITestCase.ManageUser -->
      <class name="APITestCase.RolesAndPermissions">
        <test-method is-config="true" signature="setup()[pri:0, instance:APITestCase.RolesAndPermissions@3751baf6]" started-at="2024-07-09T11:34:13 IST" name="setup" finished-at="2024-07-09T11:34:13 IST" duration-ms="155" status="PASS">
          <reporter-output>
          </reporter-output>
        </test-method> <!-- setup -->
        <test-method signature="RoleList()[pri:0, instance:APITestCase.RolesAndPermissions@3751baf6]" started-at="2024-07-09T11:34:13 IST" name="RoleList" finished-at="2024-07-09T11:34:14 IST" duration-ms="217" status="PASS">
          <reporter-output>
          </reporter-output>
        </test-method> <!-- RoleList -->
        <test-method signature="createRole()[pri:0, instance:APITestCase.RolesAndPermissions@3751baf6]" started-at="2024-07-09T11:34:14 IST" name="createRole" finished-at="2024-07-09T11:34:14 IST" duration-ms="189" status="PASS">
          <reporter-output>
          </reporter-output>
        </test-method> <!-- createRole -->
        <test-method signature="deleteRole()[pri:0, instance:APITestCase.RolesAndPermissions@3751baf6]" started-at="2024-07-09T11:34:14 IST" name="deleteRole" finished-at="2024-07-09T11:34:14 IST" duration-ms="187" status="PASS">
          <reporter-output>
          </reporter-output>
        </test-method> <!-- deleteRole -->
        <test-method signature="editRole()[pri:0, instance:APITestCase.RolesAndPermissions@3751baf6]" started-at="2024-07-09T11:34:14 IST" name="editRole" finished-at="2024-07-09T11:34:14 IST" duration-ms="172" status="PASS">
          <reporter-output>
          </reporter-output>
        </test-method> <!-- editRole -->
        <test-method signature="editRoleName()[pri:0, instance:APITestCase.RolesAndPermissions@3751baf6]" started-at="2024-07-09T11:34:14 IST" name="editRoleName" finished-at="2024-07-09T11:34:14 IST" duration-ms="195" status="PASS">
          <reporter-output>
          </reporter-output>
        </test-method> <!-- editRoleName -->
        <test-method signature="getRoleDetail()[pri:0, instance:APITestCase.RolesAndPermissions@3751baf6]" started-at="2024-07-09T11:34:14 IST" name="getRoleDetail" finished-at="2024-07-09T11:34:14 IST" depends-on-methods="APITestCase.RolesAndPermissions.createRole" duration-ms="142" status="PASS">
          <reporter-output>
          </reporter-output>
        </test-method> <!-- getRoleDetail -->
        <test-method signature="getRoles()[pri:0, instance:APITestCase.RolesAndPermissions@3751baf6]" started-at="2024-07-09T11:34:14 IST" name="getRoles" finished-at="2024-07-09T11:34:15 IST" duration-ms="125" status="PASS">
          <reporter-output>
          </reporter-output>
        </test-method> <!-- getRoles -->
        <test-method is-config="true" signature="close()[pri:0, instance:APITestCase.RolesAndPermissions@3751baf6]" started-at="2024-07-09T11:34:15 IST" name="close" finished-at="2024-07-09T11:34:15 IST" duration-ms="0" status="PASS">
          <reporter-output>
          </reporter-output>
        </test-method> <!-- close -->
      </class> <!-- APITestCase.RolesAndPermissions -->
      <class name="APITestCase.Login">
        <test-method is-config="true" signature="setup()[pri:0, instance:APITestCase.Login@3e96bacf]" started-at="2024-07-09T11:33:48 IST" name="setup" finished-at="2024-07-09T11:33:48 IST" duration-ms="470" status="PASS">
          <reporter-output>
          </reporter-output>
        </test-method> <!-- setup -->
        <test-method signature="testLoginWithPassword()[pri:0, instance:APITestCase.Login@3e96bacf]" started-at="2024-07-09T11:33:48 IST" name="testLoginWithPassword" finished-at="2024-07-09T11:33:50 IST" duration-ms="2056" status="PASS">
          <reporter-output>
          </reporter-output>
        </test-method> <!-- testLoginWithPassword -->
        <test-method signature="testLogout()[pri:0, instance:APITestCase.Login@3e96bacf]" started-at="2024-07-09T11:33:50 IST" name="testLogout" finished-at="2024-07-09T11:33:51 IST" duration-ms="227" status="PASS">
          <reporter-output>
          </reporter-output>
        </test-method> <!-- testLogout -->
        <test-method signature="testLoginWithOtp()[pri:1, instance:APITestCase.Login@3e96bacf]" started-at="2024-07-09T11:33:51 IST" name="testLoginWithOtp" finished-at="2024-07-09T11:33:51 IST" duration-ms="479" status="PASS">
          <reporter-output>
          </reporter-output>
        </test-method> <!-- testLoginWithOtp -->
        <test-method signature="testOtpVerification()[pri:2, instance:APITestCase.Login@3e96bacf]" started-at="2024-07-09T11:33:51 IST" name="testOtpVerification" finished-at="2024-07-09T11:33:51 IST" duration-ms="213" status="PASS">
          <reporter-output>
          </reporter-output>
        </test-method> <!-- testOtpVerification -->
        <test-method signature="testResetPassword()[pri:3, instance:APITestCase.Login@3e96bacf]" started-at="2024-07-09T11:33:51 IST" name="testResetPassword" finished-at="2024-07-09T11:33:51 IST" duration-ms="156" status="PASS">
          <reporter-output>
          </reporter-output>
        </test-method> <!-- testResetPassword -->
        <test-method signature="testCheckResetPassword()[pri:0, instance:APITestCase.Login@3e96bacf]" started-at="2024-07-09T11:33:51 IST" name="testCheckResetPassword" finished-at="2024-07-09T11:33:52 IST" depends-on-methods="APITestCase.Login.testResetPassword" duration-ms="165" status="PASS">
          <reporter-output>
          </reporter-output>
        </test-method> <!-- testCheckResetPassword -->
        <test-method signature="testUserProfile()[pri:4, instance:APITestCase.Login@3e96bacf]" started-at="2024-07-09T11:33:52 IST" name="testUserProfile" finished-at="2024-07-09T11:33:52 IST" depends-on-methods="APITestCase.Login.testLoginWithPassword" duration-ms="295" status="PASS">
          <reporter-output>
          </reporter-output>
        </test-method> <!-- testUserProfile -->
        <test-method is-config="true" signature="close()[pri:0, instance:APITestCase.Login@3e96bacf]" started-at="2024-07-09T11:33:52 IST" name="close" finished-at="2024-07-09T11:33:52 IST" duration-ms="1" status="PASS">
          <reporter-output>
          </reporter-output>
        </test-method> <!-- close -->
      </class> <!-- APITestCase.Login -->
      <class name="APITestCase.ManageInventory">
        <test-method is-config="true" signature="setup()[pri:0, instance:APITestCase.ManageInventory@1bec1589]" started-at="2024-07-09T11:34:04 IST" name="setup" finished-at="2024-07-09T11:34:05 IST" duration-ms="192" status="PASS">
          <reporter-output>
          </reporter-output>
        </test-method> <!-- setup -->
        <test-method signature="GetProductDetails()[pri:0, instance:APITestCase.ManageInventory@1bec1589]" started-at="2024-07-09T11:34:05 IST" name="GetProductDetails" finished-at="2024-07-09T11:34:05 IST" duration-ms="183" status="PASS">
          <reporter-output>
          </reporter-output>
        </test-method> <!-- GetProductDetails -->
        <test-method signature="AddInventory()[pri:0, instance:APITestCase.ManageInventory@1bec1589]" started-at="2024-07-09T11:34:05 IST" name="AddInventory" finished-at="2024-07-09T11:34:05 IST" depends-on-methods="APITestCase.ManageInventory.GetProductDetails" duration-ms="225" status="PASS">
          <reporter-output>
          </reporter-output>
        </test-method> <!-- AddInventory -->
        <test-method signature="AddProductImage()[pri:0, instance:APITestCase.ManageInventory@1bec1589]" started-at="2024-07-09T11:34:05 IST" name="AddProductImage" finished-at="2024-07-09T11:34:06 IST" depends-on-methods="APITestCase.ManageInventory.AddInventory" duration-ms="516" status="PASS">
          <reporter-output>
          </reporter-output>
        </test-method> <!-- AddProductImage -->
        <test-method signature="GetInventory()[pri:0, instance:APITestCase.ManageInventory@1bec1589]" started-at="2024-07-09T11:34:06 IST" name="GetInventory" finished-at="2024-07-09T11:34:06 IST" depends-on-methods="APITestCase.ManageInventory.GetProductDetails" duration-ms="224" status="PASS">
          <reporter-output>
          </reporter-output>
        </test-method> <!-- GetInventory -->
        <test-method signature="UpdateProduct()[pri:0, instance:APITestCase.ManageInventory@1bec1589]" started-at="2024-07-09T11:34:06 IST" name="UpdateProduct" finished-at="2024-07-09T11:34:06 IST" duration-ms="131" status="PASS">
          <reporter-output>
          </reporter-output>
        </test-method> <!-- UpdateProduct -->
        <test-method is-config="true" signature="close()[pri:0, instance:APITestCase.ManageInventory@1bec1589]" started-at="2024-07-09T11:34:06 IST" name="close" finished-at="2024-07-09T11:34:06 IST" duration-ms="4" status="FAIL">
          <exception class="java.lang.AssertionError">
            <message>
              <![CDATA[expected [200] but found [403]]]>
            </message>
            <full-stacktrace>
              <![CDATA[java.lang.AssertionError: expected [200] but found [403]
at org.testng.Assert.fail(Assert.java:99)
at org.testng.Assert.failNotEquals(Assert.java:1037)
at org.testng.Assert.assertEqualsImpl(Assert.java:140)
at org.testng.Assert.assertEquals(Assert.java:122)
at org.testng.Assert.assertEquals(Assert.java:907)
at org.testng.Assert.assertEquals(Assert.java:917)
at APITestCase.ManageInventory.close(ManageInventory.java:47)
at java.base/jdk.internal.reflect.NativeMethodAccessorImpl.invoke0(Native Method)
at java.base/jdk.internal.reflect.NativeMethodAccessorImpl.invoke(NativeMethodAccessorImpl.java:77)
at java.base/jdk.internal.reflect.DelegatingMethodAccessorImpl.invoke(DelegatingMethodAccessorImpl.java:43)
at java.base/java.lang.reflect.Method.invoke(Method.java:568)
at org.testng.internal.MethodInvocationHelper.invokeMethod(MethodInvocationHelper.java:133)
at org.testng.internal.MethodInvocationHelper.invokeMethodConsideringTimeout(MethodInvocationHelper.java:62)
at org.testng.internal.ConfigInvoker.invokeConfigurationMethod(ConfigInvoker.java:385)
at org.testng.internal.ConfigInvoker.invokeConfigurations(ConfigInvoker.java:321)
at org.testng.internal.TestMethodWorker.invokeAfterClassMethods(TestMethodWorker.java:217)
at org.testng.internal.TestMethodWorker.run(TestMethodWorker.java:130)
at java.base/java.util.ArrayList.forEach(ArrayList.java:1511)
at org.testng.TestRunner.privateRun(TestRunner.java:794)
at org.testng.TestRunner.run(TestRunner.java:596)
at org.testng.SuiteRunner.runTest(SuiteRunner.java:377)
at org.testng.SuiteRunner.runSequentially(SuiteRunner.java:371)
at org.testng.SuiteRunner.privateRun(SuiteRunner.java:332)
at org.testng.SuiteRunner.run(SuiteRunner.java:276)
at org.testng.SuiteRunnerWorker.runSuite(SuiteRunnerWorker.java:53)
at org.testng.SuiteRunnerWorker.run(SuiteRunnerWorker.java:96)
at org.testng.TestNG.runSuitesSequentially(TestNG.java:1212)
at org.testng.TestNG.runSuitesLocally(TestNG.java:1134)
at org.testng.TestNG.runSuites(TestNG.java:1063)
at org.testng.TestNG.run(TestNG.java:1031)
at org.testng.remote.AbstractRemoteTestNG.run(AbstractRemoteTestNG.java:115)
at org.testng.remote.RemoteTestNG.initAndRun(RemoteTestNG.java:251)
at org.testng.remote.RemoteTestNG.main(RemoteTestNG.java:77)
]]>
            </full-stacktrace>
          </exception> <!-- java.lang.AssertionError -->
          <reporter-output>
          </reporter-output>
        </test-method> <!-- close -->
      </class> <!-- APITestCase.ManageInventory -->
      <class name="APITestCase.ManageProfile">
        <test-method is-config="true" signature="setup()[pri:0, instance:APITestCase.ManageProfile@31daf094]" started-at="2024-07-09T11:34:12 IST" name="setup" finished-at="2024-07-09T11:34:12 IST" duration-ms="161" status="PASS">
          <reporter-output>
          </reporter-output>
        </test-method> <!-- setup -->
        <test-method signature="testChangePassword()[pri:0, instance:APITestCase.ManageProfile@31daf094]" started-at="2024-07-09T11:34:12 IST" name="testChangePassword" finished-at="2024-07-09T11:34:12 IST" duration-ms="184" status="PASS">
          <reporter-output>
          </reporter-output>
        </test-method> <!-- testChangePassword -->
        <test-method signature="testGetUserProfile()[pri:0, instance:APITestCase.ManageProfile@31daf094]" started-at="2024-07-09T11:34:12 IST" name="testGetUserProfile" finished-at="2024-07-09T11:34:13 IST" duration-ms="185" status="PASS">
          <reporter-output>
          </reporter-output>
        </test-method> <!-- testGetUserProfile -->
        <test-method signature="testRemoveProfileImage()[pri:0, instance:APITestCase.ManageProfile@31daf094]" started-at="2024-07-09T11:34:13 IST" name="testRemoveProfileImage" finished-at="2024-07-09T11:34:13 IST" duration-ms="127" status="PASS">
          <reporter-output>
          </reporter-output>
        </test-method> <!-- testRemoveProfileImage -->
        <test-method signature="testUpdateUserProfile()[pri:0, instance:APITestCase.ManageProfile@31daf094]" started-at="2024-07-09T11:34:13 IST" name="testUpdateUserProfile" finished-at="2024-07-09T11:34:13 IST" depends-on-methods="APITestCase.ManageProfile.testGetUserProfile" duration-ms="194" status="PASS">
          <reporter-output>
          </reporter-output>
        </test-method> <!-- testUpdateUserProfile -->
        <test-method signature="testUploadProfileImage()[pri:0, instance:APITestCase.ManageProfile@31daf094]" started-at="2024-07-09T11:34:13 IST" name="testUploadProfileImage" finished-at="2024-07-09T11:34:13 IST" duration-ms="239" status="PASS">
          <reporter-output>
          </reporter-output>
        </test-method> <!-- testUploadProfileImage -->
        <test-method is-config="true" signature="close()[pri:0, instance:APITestCase.ManageProfile@31daf094]" started-at="2024-07-09T11:34:13 IST" name="close" finished-at="2024-07-09T11:34:13 IST" duration-ms="0" status="PASS">
          <reporter-output>
          </reporter-output>
        </test-method> <!-- close -->
      </class> <!-- APITestCase.ManageProfile -->
      <class name="APITestCase.ManageQuotation">
        <test-method is-config="true" signature="setup()[pri:0, instance:APITestCase.ManageQuotation@62c1259f]" started-at="2024-07-09T11:34:06 IST" name="setup" finished-at="2024-07-09T11:34:06 IST" duration-ms="154" status="PASS">
          <reporter-output>
          </reporter-output>
        </test-method> <!-- setup -->
        <test-method signature="AddLead()[pri:0, instance:APITestCase.ManageQuotation@62c1259f]" started-at="2024-07-09T11:34:06 IST" name="AddLead" finished-at="2024-07-09T11:34:06 IST" duration-ms="176" status="PASS">
          <reporter-output>
          </reporter-output>
        </test-method> <!-- AddLead -->
        <test-method signature="AddBillingAddress()[pri:0, instance:APITestCase.ManageQuotation@62c1259f]" started-at="2024-07-09T11:34:06 IST" name="AddBillingAddress" finished-at="2024-07-09T11:34:06 IST" depends-on-methods="APITestCase.ManageQuotation.AddLead" duration-ms="105" status="PASS">
          <reporter-output>
          </reporter-output>
        </test-method> <!-- AddBillingAddress -->
        <test-method signature="AddQuotation()[pri:0, instance:APITestCase.ManageQuotation@62c1259f]" started-at="2024-07-09T11:34:06 IST" name="AddQuotation" finished-at="2024-07-09T11:34:07 IST" duration-ms="226" status="PASS">
          <reporter-output>
          </reporter-output>
        </test-method> <!-- AddQuotation -->
        <test-method signature="AddShippingAddress()[pri:0, instance:APITestCase.ManageQuotation@62c1259f]" started-at="2024-07-09T11:34:07 IST" name="AddShippingAddress" finished-at="2024-07-09T11:34:07 IST" duration-ms="196" status="PASS">
          <reporter-output>
          </reporter-output>
        </test-method> <!-- AddShippingAddress -->
        <test-method signature="ConvertToOrder()[pri:0, instance:APITestCase.ManageQuotation@62c1259f]" started-at="2024-07-09T11:34:07 IST" name="ConvertToOrder" finished-at="2024-07-09T11:34:08 IST" duration-ms="848" status="PASS">
          <reporter-output>
          </reporter-output>
        </test-method> <!-- ConvertToOrder -->
        <test-method signature="DeleteQuotation()[pri:0, instance:APITestCase.ManageQuotation@62c1259f]" started-at="2024-07-09T11:34:08 IST" name="DeleteQuotation" finished-at="2024-07-09T11:34:08 IST" duration-ms="216" status="PASS">
          <reporter-output>
          </reporter-output>
        </test-method> <!-- DeleteQuotation -->
        <test-method signature="DownloadQuotation()[pri:0, instance:APITestCase.ManageQuotation@62c1259f]" started-at="2024-07-09T11:34:08 IST" name="DownloadQuotation" finished-at="2024-07-09T11:34:11 IST" duration-ms="2913" status="PASS">
          <reporter-output>
          </reporter-output>
        </test-method> <!-- DownloadQuotation -->
        <test-method signature="ExportQuotation()[pri:0, instance:APITestCase.ManageQuotation@62c1259f]" started-at="2024-07-09T11:34:11 IST" name="ExportQuotation" finished-at="2024-07-09T11:34:11 IST" duration-ms="243" status="PASS">
          <reporter-output>
          </reporter-output>
        </test-method> <!-- ExportQuotation -->
        <test-method signature="GetQuotation()[pri:0, instance:APITestCase.ManageQuotation@62c1259f]" started-at="2024-07-09T11:34:11 IST" name="GetQuotation" finished-at="2024-07-09T11:34:11 IST" duration-ms="248" status="PASS">
          <reporter-output>
          </reporter-output>
        </test-method> <!-- GetQuotation -->
        <test-method signature="QuotationDetail()[pri:0, instance:APITestCase.ManageQuotation@62c1259f]" started-at="2024-07-09T11:34:11 IST" name="QuotationDetail" finished-at="2024-07-09T11:34:11 IST" duration-ms="143" status="PASS">
          <reporter-output>
          </reporter-output>
        </test-method> <!-- QuotationDetail -->
        <test-method signature="UpdateBillingAddress()[pri:0, instance:APITestCase.ManageQuotation@62c1259f]" started-at="2024-07-09T11:34:11 IST" name="UpdateBillingAddress" finished-at="2024-07-09T11:34:12 IST" duration-ms="199" status="PASS">
          <reporter-output>
          </reporter-output>
        </test-method> <!-- UpdateBillingAddress -->
        <test-method signature="UpdateQuotation()[pri:0, instance:APITestCase.ManageQuotation@62c1259f]" started-at="2024-07-09T11:34:12 IST" name="UpdateQuotation" finished-at="2024-07-09T11:34:12 IST" duration-ms="213" status="PASS">
          <reporter-output>
          </reporter-output>
        </test-method> <!-- UpdateQuotation -->
        <test-method signature="UpdateShippingAddress()[pri:0, instance:APITestCase.ManageQuotation@62c1259f]" started-at="2024-07-09T11:34:12 IST" name="UpdateShippingAddress" finished-at="2024-07-09T11:34:12 IST" duration-ms="260" status="PASS">
          <reporter-output>
          </reporter-output>
        </test-method> <!-- UpdateShippingAddress -->
        <test-method is-config="true" signature="close()[pri:0, instance:APITestCase.ManageQuotation@62c1259f]" started-at="2024-07-09T11:34:12 IST" name="close" finished-at="2024-07-09T11:34:12 IST" duration-ms="0" status="PASS">
          <reporter-output>
          </reporter-output>
        </test-method> <!-- close -->
      </class> <!-- APITestCase.ManageQuotation -->
      <class name="APITestCase.ManageLead">
        <test-method is-config="true" signature="setup()[pri:0, instance:APITestCase.ManageLead@14292d71]" started-at="2024-07-09T11:33:56 IST" name="setup" finished-at="2024-07-09T11:33:57 IST" duration-ms="190" status="PASS">
          <reporter-output>
          </reporter-output>
        </test-method> <!-- setup -->
        <test-method signature="AddLead()[pri:0, instance:APITestCase.ManageLead@14292d71]" started-at="2024-07-09T11:33:57 IST" name="AddLead" finished-at="2024-07-09T11:33:58 IST" duration-ms="1190" status="PASS">
          <reporter-output>
          </reporter-output>
        </test-method> <!-- AddLead -->
        <test-method signature="AddLeadActivity()[pri:0, instance:APITestCase.ManageLead@14292d71]" started-at="2024-07-09T11:33:58 IST" name="AddLeadActivity" finished-at="2024-07-09T11:33:58 IST" duration-ms="165" status="PASS">
          <reporter-output>
          </reporter-output>
        </test-method> <!-- AddLeadActivity -->
        <test-method signature="AddTaskForLead()[pri:0, instance:APITestCase.ManageLead@14292d71]" started-at="2024-07-09T11:33:58 IST" name="AddTaskForLead" finished-at="2024-07-09T11:33:58 IST" duration-ms="224" status="PASS">
          <reporter-output>
          </reporter-output>
        </test-method> <!-- AddTaskForLead -->
        <test-method signature="CheckLeadNumbers()[pri:0, instance:APITestCase.ManageLead@14292d71]" started-at="2024-07-09T11:33:58 IST" name="CheckLeadNumbers" finished-at="2024-07-09T11:33:58 IST" duration-ms="122" status="PASS">
          <reporter-output>
          </reporter-output>
        </test-method> <!-- CheckLeadNumbers -->
        <test-method signature="DeleteAttachment()[pri:0, instance:APITestCase.ManageLead@14292d71]" started-at="2024-07-09T11:33:58 IST" name="DeleteAttachment" finished-at="2024-07-09T11:33:59 IST" duration-ms="203" status="PASS">
          <reporter-output>
          </reporter-output>
        </test-method> <!-- DeleteAttachment -->
        <test-method signature="ExportLeads()[pri:0, instance:APITestCase.ManageLead@14292d71]" started-at="2024-07-09T11:33:59 IST" name="ExportLeads" finished-at="2024-07-09T11:34:00 IST" duration-ms="1606" status="PASS">
          <reporter-output>
          </reporter-output>
        </test-method> <!-- ExportLeads -->
        <test-method signature="GetCity()[pri:0, instance:APITestCase.ManageLead@14292d71]" started-at="2024-07-09T11:34:00 IST" name="GetCity" finished-at="2024-07-09T11:34:00 IST" duration-ms="125" status="PASS">
          <reporter-output>
          </reporter-output>
        </test-method> <!-- GetCity -->
        <test-method signature="GetLeadActivity()[pri:0, instance:APITestCase.ManageLead@14292d71]" started-at="2024-07-09T11:34:00 IST" name="GetLeadActivity" finished-at="2024-07-09T11:34:00 IST" duration-ms="106" status="PASS">
          <reporter-output>
          </reporter-output>
        </test-method> <!-- GetLeadActivity -->
        <test-method signature="GetLeadDetails()[pri:0, instance:APITestCase.ManageLead@14292d71]" started-at="2024-07-09T11:34:00 IST" name="GetLeadDetails" finished-at="2024-07-09T11:34:00 IST" duration-ms="138" status="PASS">
          <reporter-output>
          </reporter-output>
        </test-method> <!-- GetLeadDetails -->
        <test-method signature="GetLeadHistory()[pri:0, instance:APITestCase.ManageLead@14292d71]" started-at="2024-07-09T11:34:00 IST" name="GetLeadHistory" finished-at="2024-07-09T11:34:01 IST" duration-ms="140" status="PASS">
          <reporter-output>
          </reporter-output>
        </test-method> <!-- GetLeadHistory -->
        <test-method signature="GetLeadOwner()[pri:0, instance:APITestCase.ManageLead@14292d71]" started-at="2024-07-09T11:34:01 IST" name="GetLeadOwner" finished-at="2024-07-09T11:34:01 IST" duration-ms="189" status="PASS">
          <reporter-output>
          </reporter-output>
        </test-method> <!-- GetLeadOwner -->
        <test-method signature="GetLeadStage()[pri:0, instance:APITestCase.ManageLead@14292d71]" started-at="2024-07-09T11:34:01 IST" name="GetLeadStage" finished-at="2024-07-09T11:34:01 IST" duration-ms="135" status="PASS">
          <reporter-output>
          </reporter-output>
        </test-method> <!-- GetLeadStage -->
        <test-method signature="GetLeadTask()[pri:0, instance:APITestCase.ManageLead@14292d71]" started-at="2024-07-09T11:34:01 IST" name="GetLeadTask" finished-at="2024-07-09T11:34:01 IST" duration-ms="252" status="PASS">
          <reporter-output>
          </reporter-output>
        </test-method> <!-- GetLeadTask -->
        <test-method signature="GetLeads()[pri:0, instance:APITestCase.ManageLead@14292d71]" started-at="2024-07-09T11:34:01 IST" name="GetLeads" finished-at="2024-07-09T11:34:03 IST" duration-ms="1562" status="PASS">
          <reporter-output>
          </reporter-output>
        </test-method> <!-- GetLeads -->
        <test-method signature="GetRequirement()[pri:0, instance:APITestCase.ManageLead@14292d71]" started-at="2024-07-09T11:34:03 IST" name="GetRequirement" finished-at="2024-07-09T11:34:03 IST" duration-ms="107" status="PASS">
          <reporter-output>
          </reporter-output>
        </test-method> <!-- GetRequirement -->
        <test-method signature="GetStates()[pri:0, instance:APITestCase.ManageLead@14292d71]" started-at="2024-07-09T11:34:03 IST" name="GetStates" finished-at="2024-07-09T11:34:03 IST" duration-ms="129" status="PASS">
          <reporter-output>
          </reporter-output>
        </test-method> <!-- GetStates -->
        <test-method signature="GetTaskByLeadId()[pri:0, instance:APITestCase.ManageLead@14292d71]" started-at="2024-07-09T11:34:03 IST" name="GetTaskByLeadId" finished-at="2024-07-09T11:34:03 IST" duration-ms="124" status="PASS">
          <reporter-output>
          </reporter-output>
        </test-method> <!-- GetTaskByLeadId -->
        <test-method signature="MarkLeadAsStar()[pri:0, instance:APITestCase.ManageLead@14292d71]" started-at="2024-07-09T11:34:03 IST" name="MarkLeadAsStar" finished-at="2024-07-09T11:34:03 IST" duration-ms="151" status="PASS">
          <reporter-output>
          </reporter-output>
        </test-method> <!-- MarkLeadAsStar -->
        <test-method signature="MarkTaskAsCompleted()[pri:0, instance:APITestCase.ManageLead@14292d71]" started-at="2024-07-09T11:34:03 IST" name="MarkTaskAsCompleted" finished-at="2024-07-09T11:34:03 IST" duration-ms="157" status="PASS">
          <reporter-output>
          </reporter-output>
        </test-method> <!-- MarkTaskAsCompleted -->
        <test-method signature="RescheduleTask()[pri:0, instance:APITestCase.ManageLead@14292d71]" started-at="2024-07-09T11:34:03 IST" name="RescheduleTask" finished-at="2024-07-09T11:34:04 IST" duration-ms="176" status="PASS">
          <reporter-output>
          </reporter-output>
        </test-method> <!-- RescheduleTask -->
        <test-method signature="UpdateLead()[pri:0, instance:APITestCase.ManageLead@14292d71]" started-at="2024-07-09T11:34:04 IST" name="UpdateLead" finished-at="2024-07-09T11:34:04 IST" duration-ms="335" status="PASS">
          <reporter-output>
          </reporter-output>
        </test-method> <!-- UpdateLead -->
        <test-method signature="UpdateLeadStage()[pri:0, instance:APITestCase.ManageLead@14292d71]" started-at="2024-07-09T11:34:04 IST" name="UpdateLeadStage" finished-at="2024-07-09T11:34:04 IST" depends-on-methods="APITestCase.ManageLead.AddLead" duration-ms="216" status="PASS">
          <reporter-output>
          </reporter-output>
        </test-method> <!-- UpdateLeadStage -->
        <test-method signature="UploadLeadAttachment()[pri:0, instance:APITestCase.ManageLead@14292d71]" started-at="2024-07-09T11:34:04 IST" name="UploadLeadAttachment" finished-at="2024-07-09T11:34:04 IST" duration-ms="317" status="PASS">
          <reporter-output>
          </reporter-output>
        </test-method> <!-- UploadLeadAttachment -->
        <test-method is-config="true" signature="close()[pri:0, instance:APITestCase.ManageLead@14292d71]" started-at="2024-07-09T11:34:04 IST" name="close" finished-at="2024-07-09T11:34:04 IST" duration-ms="1" status="PASS">
          <reporter-output>
          </reporter-output>
        </test-method> <!-- close -->
      </class> <!-- APITestCase.ManageLead -->
      <class name="APITestCase.Dashboard">
        <test-method is-config="true" signature="setup()[pri:0, instance:APITestCase.Dashboard@27e656e6]" started-at="2024-07-09T11:34:15 IST" name="setup" finished-at="2024-07-09T11:34:15 IST" duration-ms="183" status="PASS">
          <reporter-output>
          </reporter-output>
        </test-method> <!-- setup -->
        <test-method signature="ExportLeadConversionReport()[pri:0, instance:APITestCase.Dashboard@27e656e6]" started-at="2024-07-09T11:34:15 IST" name="ExportLeadConversionReport" finished-at="2024-07-09T11:34:15 IST" duration-ms="289" status="PASS">
          <reporter-output>
          </reporter-output>
        </test-method> <!-- ExportLeadConversionReport -->
        <test-method signature="ExportLeadGenerationSources()[pri:0, instance:APITestCase.Dashboard@27e656e6]" started-at="2024-07-09T11:34:15 IST" name="ExportLeadGenerationSources" finished-at="2024-07-09T11:34:15 IST" duration-ms="257" status="PASS">
          <reporter-output>
          </reporter-output>
        </test-method> <!-- ExportLeadGenerationSources -->
        <test-method signature="ExportLeadOverDueTask()[pri:0, instance:APITestCase.Dashboard@27e656e6]" started-at="2024-07-09T11:34:15 IST" name="ExportLeadOverDueTask" finished-at="2024-07-09T11:34:16 IST" duration-ms="294" status="PASS">
          <reporter-output>
          </reporter-output>
        </test-method> <!-- ExportLeadOverDueTask -->
        <test-method signature="ExportNotYetConvertedQuotation()[pri:0, instance:APITestCase.Dashboard@27e656e6]" started-at="2024-07-09T11:34:16 IST" name="ExportNotYetConvertedQuotation" finished-at="2024-07-09T11:34:16 IST" duration-ms="303" status="PASS">
          <reporter-output>
          </reporter-output>
        </test-method> <!-- ExportNotYetConvertedQuotation -->
        <test-method signature="ExportQuotationAnalytics()[pri:0, instance:APITestCase.Dashboard@27e656e6]" started-at="2024-07-09T11:34:16 IST" name="ExportQuotationAnalytics" finished-at="2024-07-09T11:34:16 IST" duration-ms="251" status="PASS">
          <reporter-output>
          </reporter-output>
        </test-method> <!-- ExportQuotationAnalytics -->
        <test-method signature="ExportSalesExecutiveQuotationAnalytics()[pri:0, instance:APITestCase.Dashboard@27e656e6]" started-at="2024-07-09T11:34:16 IST" name="ExportSalesExecutiveQuotationAnalytics" finished-at="2024-07-09T11:34:17 IST" duration-ms="344" status="PASS">
          <reporter-output>
          </reporter-output>
        </test-method> <!-- ExportSalesExecutiveQuotationAnalytics -->
        <test-method signature="ExportVendorPoorResponse()[pri:0, instance:APITestCase.Dashboard@27e656e6]" started-at="2024-07-09T11:34:17 IST" name="ExportVendorPoorResponse" finished-at="2024-07-09T11:34:17 IST" duration-ms="259" status="PASS">
          <reporter-output>
          </reporter-output>
        </test-method> <!-- ExportVendorPoorResponse -->
        <test-method signature="ExportVendorQuickResponse()[pri:0, instance:APITestCase.Dashboard@27e656e6]" started-at="2024-07-09T11:34:17 IST" name="ExportVendorQuickResponse" finished-at="2024-07-09T11:34:17 IST" duration-ms="284" status="PASS">
          <reporter-output>
          </reporter-output>
        </test-method> <!-- ExportVendorQuickResponse -->
        <test-method signature="ExportVendorStrikeRate()[pri:0, instance:APITestCase.Dashboard@27e656e6]" started-at="2024-07-09T11:34:17 IST" name="ExportVendorStrikeRate" finished-at="2024-07-09T11:34:17 IST" duration-ms="334" status="PASS">
          <reporter-output>
          </reporter-output>
        </test-method> <!-- ExportVendorStrikeRate -->
        <test-method signature="GetDashboardData()[pri:0, instance:APITestCase.Dashboard@27e656e6]" started-at="2024-07-09T11:34:17 IST" name="GetDashboardData" finished-at="2024-07-09T11:34:18 IST" duration-ms="209" status="PASS">
          <reporter-output>
          </reporter-output>
        </test-method> <!-- GetDashboardData -->
        <test-method signature="GetLeadAnalaytics()[pri:0, instance:APITestCase.Dashboard@27e656e6]" started-at="2024-07-09T11:34:18 IST" name="GetLeadAnalaytics" finished-at="2024-07-09T11:34:18 IST" duration-ms="150" status="PASS">
          <reporter-output>
          </reporter-output>
        </test-method> <!-- GetLeadAnalaytics -->
        <test-method signature="GetOverDueTask()[pri:0, instance:APITestCase.Dashboard@27e656e6]" started-at="2024-07-09T11:34:18 IST" name="GetOverDueTask" finished-at="2024-07-09T11:34:18 IST" duration-ms="179" status="PASS">
          <reporter-output>
          </reporter-output>
        </test-method> <!-- GetOverDueTask -->
        <test-method signature="GetQuotationAnalytics()[pri:0, instance:APITestCase.Dashboard@27e656e6]" started-at="2024-07-09T11:34:18 IST" name="GetQuotationAnalytics" finished-at="2024-07-09T11:34:18 IST" duration-ms="156" status="PASS">
          <reporter-output>
          </reporter-output>
        </test-method> <!-- GetQuotationAnalytics -->
        <test-method signature="LeadConversionReport()[pri:0, instance:APITestCase.Dashboard@27e656e6]" started-at="2024-07-09T11:34:18 IST" name="LeadConversionReport" finished-at="2024-07-09T11:34:18 IST" duration-ms="166" status="PASS">
          <reporter-output>
          </reporter-output>
        </test-method> <!-- LeadConversionReport -->
        <test-method signature="StockCheckAnalytics()[pri:0, instance:APITestCase.Dashboard@27e656e6]" started-at="2024-07-09T11:34:18 IST" name="StockCheckAnalytics" finished-at="2024-07-09T11:34:18 IST" duration-ms="177" status="PASS">
          <reporter-output>
          </reporter-output>
        </test-method> <!-- StockCheckAnalytics -->
        <test-method is-config="true" signature="close()[pri:0, instance:APITestCase.Dashboard@27e656e6]" started-at="2024-07-09T11:34:18 IST" name="close" finished-at="2024-07-09T11:34:18 IST" duration-ms="0" status="PASS">
          <reporter-output>
          </reporter-output>
        </test-method> <!-- close -->
      </class> <!-- APITestCase.Dashboard -->
    </test> <!-- Test -->
  </suite> <!-- Suite -->
</testng-results>
