<?xml version="1.0" encoding="UTF-8"?>
<testng-results ignored="0" total="94" passed="93" failed="1" skipped="0">
  <reporter-output>
  </reporter-output>
  <suite started-at="2024-07-08T18:34:43 IST" name="Suite" finished-at="2024-07-08T18:35:13 IST" duration-ms="29831">
    <groups>
    </groups>
    <test started-at="2024-07-08T18:34:43 IST" name="Test" finished-at="2024-07-08T18:35:13 IST" duration-ms="29831">
      <class name="APITestCase.ManageUser">
        <test-method signature="Login()[pri:0, instance:APITestCase.ManageUser@72ee5d84]" started-at="2024-07-08T18:34:47 IST" name="Login" finished-at="2024-07-08T18:34:47 IST" duration-ms="190" status="PASS">
          <reporter-output>
          </reporter-output>
        </test-method> <!-- Login -->
        <test-method is-config="true" signature="setup()[pri:0, instance:APITestCase.ManageUser@72ee5d84]" started-at="2024-07-08T18:34:47 IST" name="setup" finished-at="2024-07-08T18:34:47 IST" duration-ms="0" status="PASS">
          <reporter-output>
          </reporter-output>
        </test-method> <!-- setup -->
        <test-method signature="AddUser()[pri:0, instance:APITestCase.ManageUser@72ee5d84]" started-at="2024-07-08T18:34:47 IST" name="AddUser" finished-at="2024-07-08T18:34:47 IST" depends-on-methods="APITestCase.ManageUser.Login" duration-ms="459" status="PASS">
          <reporter-output>
          </reporter-output>
        </test-method> <!-- AddUser -->
        <test-method signature="ExportUser()[pri:0, instance:APITestCase.ManageUser@72ee5d84]" started-at="2024-07-08T18:34:47 IST" name="ExportUser" finished-at="2024-07-08T18:34:48 IST" depends-on-methods="APITestCase.ManageUser.Login" duration-ms="514" status="PASS">
          <reporter-output>
          </reporter-output>
        </test-method> <!-- ExportUser -->
        <test-method signature="GetBranches()[pri:0, instance:APITestCase.ManageUser@72ee5d84]" started-at="2024-07-08T18:34:48 IST" name="GetBranches" finished-at="2024-07-08T18:34:48 IST" depends-on-methods="APITestCase.ManageUser.Login" duration-ms="157" status="PASS">
          <reporter-output>
          </reporter-output>
        </test-method> <!-- GetBranches -->
        <test-method signature="GetUser()[pri:0, instance:APITestCase.ManageUser@72ee5d84]" started-at="2024-07-08T18:34:48 IST" name="GetUser" finished-at="2024-07-08T18:34:49 IST" depends-on-methods="APITestCase.ManageUser.Login" duration-ms="538" status="PASS">
          <reporter-output>
          </reporter-output>
        </test-method> <!-- GetUser -->
        <test-method signature="GetVendorCompany()[pri:0, instance:APITestCase.ManageUser@72ee5d84]" started-at="2024-07-08T18:34:49 IST" name="GetVendorCompany" finished-at="2024-07-08T18:34:49 IST" depends-on-methods="APITestCase.ManageUser.Login" duration-ms="188" status="PASS">
          <reporter-output>
          </reporter-output>
        </test-method> <!-- GetVendorCompany -->
        <test-method signature="ResendPassword()[pri:0, instance:APITestCase.ManageUser@72ee5d84]" started-at="2024-07-08T18:34:49 IST" name="ResendPassword" finished-at="2024-07-08T18:34:49 IST" depends-on-methods="APITestCase.ManageUser.Login" duration-ms="476" status="PASS">
          <reporter-output>
          </reporter-output>
        </test-method> <!-- ResendPassword -->
        <test-method signature="ResetPassword()[pri:0, instance:APITestCase.ManageUser@72ee5d84]" started-at="2024-07-08T18:34:49 IST" name="ResetPassword" finished-at="2024-07-08T18:34:49 IST" depends-on-methods="APITestCase.ManageUser.Login" duration-ms="149" status="PASS">
          <reporter-output>
          </reporter-output>
        </test-method> <!-- ResetPassword -->
        <test-method signature="RoleList()[pri:0, instance:APITestCase.ManageUser@72ee5d84]" started-at="2024-07-08T18:34:49 IST" name="RoleList" finished-at="2024-07-08T18:34:50 IST" depends-on-methods="APITestCase.ManageUser.Login" duration-ms="231" status="PASS">
          <reporter-output>
          </reporter-output>
        </test-method> <!-- RoleList -->
        <test-method signature="UpdateUser()[pri:0, instance:APITestCase.ManageUser@72ee5d84]" started-at="2024-07-08T18:34:50 IST" name="UpdateUser" finished-at="2024-07-08T18:34:50 IST" depends-on-methods="APITestCase.ManageUser.AddUser" duration-ms="209" status="PASS">
          <reporter-output>
          </reporter-output>
        </test-method> <!-- UpdateUser -->
        <test-method signature="UpdateUserStatus()[pri:0, instance:APITestCase.ManageUser@72ee5d84]" started-at="2024-07-08T18:34:50 IST" name="UpdateUserStatus" finished-at="2024-07-08T18:34:50 IST" depends-on-methods="APITestCase.ManageUser.Login" duration-ms="152" status="PASS">
          <reporter-output>
          </reporter-output>
        </test-method> <!-- UpdateUserStatus -->
        <test-method signature="UploadUserProfileImage()[pri:0, instance:APITestCase.ManageUser@72ee5d84]" started-at="2024-07-08T18:34:50 IST" name="UploadUserProfileImage" finished-at="2024-07-08T18:34:50 IST" duration-ms="318" status="PASS">
          <reporter-output>
          </reporter-output>
        </test-method> <!-- UploadUserProfileImage -->
        <test-method signature="UsersCount()[pri:0, instance:APITestCase.ManageUser@72ee5d84]" started-at="2024-07-08T18:34:50 IST" name="UsersCount" finished-at="2024-07-08T18:34:51 IST" depends-on-methods="APITestCase.ManageUser.Login" duration-ms="628" status="PASS">
          <reporter-output>
          </reporter-output>
        </test-method> <!-- UsersCount -->
        <test-method is-config="true" signature="close()[pri:0, instance:APITestCase.ManageUser@72ee5d84]" started-at="2024-07-08T18:34:51 IST" name="close" finished-at="2024-07-08T18:34:51 IST" duration-ms="0" status="PASS">
          <reporter-output>
          </reporter-output>
        </test-method> <!-- close -->
      </class> <!-- APITestCase.ManageUser -->
      <class name="APITestCase.RolesAndPermissions">
        <test-method is-config="true" signature="setup()[pri:0, instance:APITestCase.RolesAndPermissions@6b6fde93]" started-at="2024-07-08T18:35:07 IST" name="setup" finished-at="2024-07-08T18:35:07 IST" duration-ms="0" status="PASS">
          <reporter-output>
          </reporter-output>
        </test-method> <!-- setup -->
        <test-method signature="login()[pri:0, instance:APITestCase.RolesAndPermissions@6b6fde93]" started-at="2024-07-08T18:35:07 IST" name="login" finished-at="2024-07-08T18:35:08 IST" duration-ms="168" status="PASS">
          <reporter-output>
          </reporter-output>
        </test-method> <!-- login -->
        <test-method signature="RoleList()[pri:0, instance:APITestCase.RolesAndPermissions@6b6fde93]" started-at="2024-07-08T18:35:08 IST" name="RoleList" finished-at="2024-07-08T18:35:08 IST" depends-on-methods="APITestCase.RolesAndPermissions.login" duration-ms="185" status="PASS">
          <reporter-output>
          </reporter-output>
        </test-method> <!-- RoleList -->
        <test-method signature="createRole()[pri:0, instance:APITestCase.RolesAndPermissions@6b6fde93]" started-at="2024-07-08T18:35:08 IST" name="createRole" finished-at="2024-07-08T18:35:08 IST" depends-on-methods="APITestCase.RolesAndPermissions.login" duration-ms="188" status="PASS">
          <reporter-output>
          </reporter-output>
        </test-method> <!-- createRole -->
        <test-method signature="deleteRole()[pri:0, instance:APITestCase.RolesAndPermissions@6b6fde93]" started-at="2024-07-08T18:35:08 IST" name="deleteRole" finished-at="2024-07-08T18:35:08 IST" depends-on-methods="APITestCase.RolesAndPermissions.login" duration-ms="156" status="PASS">
          <reporter-output>
          </reporter-output>
        </test-method> <!-- deleteRole -->
        <test-method signature="editRole()[pri:0, instance:APITestCase.RolesAndPermissions@6b6fde93]" started-at="2024-07-08T18:35:08 IST" name="editRole" finished-at="2024-07-08T18:35:08 IST" depends-on-methods="APITestCase.RolesAndPermissions.login" duration-ms="184" status="PASS">
          <reporter-output>
          </reporter-output>
        </test-method> <!-- editRole -->
        <test-method signature="editRoleName()[pri:0, instance:APITestCase.RolesAndPermissions@6b6fde93]" started-at="2024-07-08T18:35:08 IST" name="editRoleName" finished-at="2024-07-08T18:35:08 IST" depends-on-methods="APITestCase.RolesAndPermissions.login" duration-ms="199" status="PASS">
          <reporter-output>
          </reporter-output>
        </test-method> <!-- editRoleName -->
        <test-method signature="getRoleDetail()[pri:0, instance:APITestCase.RolesAndPermissions@6b6fde93]" started-at="2024-07-08T18:35:08 IST" name="getRoleDetail" finished-at="2024-07-08T18:35:09 IST" depends-on-methods="APITestCase.RolesAndPermissions.createRole" duration-ms="162" status="PASS">
          <reporter-output>
          </reporter-output>
        </test-method> <!-- getRoleDetail -->
        <test-method signature="getRoles()[pri:0, instance:APITestCase.RolesAndPermissions@6b6fde93]" started-at="2024-07-08T18:35:09 IST" name="getRoles" finished-at="2024-07-08T18:35:09 IST" depends-on-methods="APITestCase.RolesAndPermissions.login" duration-ms="136" status="PASS">
          <reporter-output>
          </reporter-output>
        </test-method> <!-- getRoles -->
        <test-method is-config="true" signature="close()[pri:0, instance:APITestCase.RolesAndPermissions@6b6fde93]" started-at="2024-07-08T18:35:09 IST" name="close" finished-at="2024-07-08T18:35:09 IST" duration-ms="0" status="PASS">
          <reporter-output>
          </reporter-output>
        </test-method> <!-- close -->
      </class> <!-- APITestCase.RolesAndPermissions -->
      <class name="APITestCase.Login">
        <test-method is-config="true" signature="setup()[pri:0, instance:APITestCase.Login@7c83dc97]" started-at="2024-07-08T18:34:43 IST" name="setup" finished-at="2024-07-08T18:34:43 IST" duration-ms="462" status="PASS">
          <reporter-output>
          </reporter-output>
        </test-method> <!-- setup -->
        <test-method signature="testLoginWithPassword()[pri:0, instance:APITestCase.Login@7c83dc97]" started-at="2024-07-08T18:34:43 IST" name="testLoginWithPassword" finished-at="2024-07-08T18:34:45 IST" duration-ms="2223" status="PASS">
          <reporter-output>
          </reporter-output>
        </test-method> <!-- testLoginWithPassword -->
        <test-method signature="testLogout()[pri:0, instance:APITestCase.Login@7c83dc97]" started-at="2024-07-08T18:34:45 IST" name="testLogout" finished-at="2024-07-08T18:34:46 IST" duration-ms="165" status="PASS">
          <reporter-output>
          </reporter-output>
        </test-method> <!-- testLogout -->
        <test-method signature="testLoginWithOtp()[pri:1, instance:APITestCase.Login@7c83dc97]" started-at="2024-07-08T18:34:46 IST" name="testLoginWithOtp" finished-at="2024-07-08T18:34:46 IST" duration-ms="425" status="PASS">
          <reporter-output>
          </reporter-output>
        </test-method> <!-- testLoginWithOtp -->
        <test-method signature="testOtpVerification()[pri:2, instance:APITestCase.Login@7c83dc97]" started-at="2024-07-08T18:34:46 IST" name="testOtpVerification" finished-at="2024-07-08T18:34:46 IST" duration-ms="187" status="PASS">
          <reporter-output>
          </reporter-output>
        </test-method> <!-- testOtpVerification -->
        <test-method signature="testResetPassword()[pri:3, instance:APITestCase.Login@7c83dc97]" started-at="2024-07-08T18:34:46 IST" name="testResetPassword" finished-at="2024-07-08T18:34:46 IST" duration-ms="168" status="PASS">
          <reporter-output>
          </reporter-output>
        </test-method> <!-- testResetPassword -->
        <test-method signature="testCheckResetPassword()[pri:0, instance:APITestCase.Login@7c83dc97]" started-at="2024-07-08T18:34:46 IST" name="testCheckResetPassword" finished-at="2024-07-08T18:34:47 IST" depends-on-methods="APITestCase.Login.testResetPassword" duration-ms="177" status="PASS">
          <reporter-output>
          </reporter-output>
        </test-method> <!-- testCheckResetPassword -->
        <test-method signature="testUserProfile()[pri:4, instance:APITestCase.Login@7c83dc97]" started-at="2024-07-08T18:34:47 IST" name="testUserProfile" finished-at="2024-07-08T18:34:47 IST" depends-on-methods="APITestCase.Login.testLoginWithPassword" duration-ms="224" status="PASS">
          <reporter-output>
          </reporter-output>
        </test-method> <!-- testUserProfile -->
        <test-method is-config="true" signature="close()[pri:0, instance:APITestCase.Login@7c83dc97]" started-at="2024-07-08T18:34:47 IST" name="close" finished-at="2024-07-08T18:34:47 IST" duration-ms="0" status="PASS">
          <reporter-output>
          </reporter-output>
        </test-method> <!-- close -->
      </class> <!-- APITestCase.Login -->
      <class name="APITestCase.ManageInventory">
        <test-method is-config="true" signature="setup()[pri:0, instance:APITestCase.ManageInventory@5922cff3]" started-at="2024-07-08T18:34:59 IST" name="setup" finished-at="2024-07-08T18:34:59 IST" duration-ms="0" status="PASS">
          <reporter-output>
          </reporter-output>
        </test-method> <!-- setup -->
        <test-method signature="Login()[pri:0, instance:APITestCase.ManageInventory@5922cff3]" started-at="2024-07-08T18:34:59 IST" name="Login" finished-at="2024-07-08T18:34:59 IST" duration-ms="205" status="PASS">
          <reporter-output>
          </reporter-output>
        </test-method> <!-- Login -->
        <test-method signature="GetProductDetails()[pri:0, instance:APITestCase.ManageInventory@5922cff3]" started-at="2024-07-08T18:34:59 IST" name="GetProductDetails" finished-at="2024-07-08T18:34:59 IST" depends-on-methods="APITestCase.ManageInventory.Login" duration-ms="172" status="PASS">
          <reporter-output>
          </reporter-output>
        </test-method> <!-- GetProductDetails -->
        <test-method signature="AddInventory()[pri:0, instance:APITestCase.ManageInventory@5922cff3]" started-at="2024-07-08T18:34:59 IST" name="AddInventory" finished-at="2024-07-08T18:34:59 IST" depends-on-methods="APITestCase.ManageInventory.GetProductDetails" duration-ms="239" status="PASS">
          <reporter-output>
          </reporter-output>
        </test-method> <!-- AddInventory -->
        <test-method signature="AddProductImage()[pri:0, instance:APITestCase.ManageInventory@5922cff3]" started-at="2024-07-08T18:34:59 IST" name="AddProductImage" finished-at="2024-07-08T18:35:00 IST" depends-on-methods="APITestCase.ManageInventory.AddInventory" duration-ms="496" status="PASS">
          <reporter-output>
          </reporter-output>
        </test-method> <!-- AddProductImage -->
        <test-method signature="GetInventory()[pri:0, instance:APITestCase.ManageInventory@5922cff3]" started-at="2024-07-08T18:35:00 IST" name="GetInventory" finished-at="2024-07-08T18:35:00 IST" depends-on-methods="APITestCase.ManageInventory.GetProductDetails" duration-ms="184" status="PASS">
          <reporter-output>
          </reporter-output>
        </test-method> <!-- GetInventory -->
        <test-method signature="UpdateProduct()[pri:0, instance:APITestCase.ManageInventory@5922cff3]" started-at="2024-07-08T18:35:00 IST" name="UpdateProduct" finished-at="2024-07-08T18:35:00 IST" depends-on-methods="APITestCase.ManageInventory.Login" duration-ms="140" status="PASS">
          <reporter-output>
          </reporter-output>
        </test-method> <!-- UpdateProduct -->
        <test-method is-config="true" signature="close()[pri:0, instance:APITestCase.ManageInventory@5922cff3]" started-at="2024-07-08T18:35:00 IST" name="close" finished-at="2024-07-08T18:35:00 IST" duration-ms="3" status="FAIL">
          <exception class="java.lang.AssertionError">
            <message>
              <![CDATA[expected [200] but found [403]]]>
            </message>
            <full-stacktrace>
              <![CDATA[java.lang.AssertionError: expected [200] but found [403]
at org.testng.Assert.fail(Assert.java:99)
at org.testng.Assert.failNotEquals(Assert.java:1037)
at org.testng.Assert.assertEqualsImpl(Assert.java:140)
at org.testng.Assert.assertEquals(Assert.java:122)
at org.testng.Assert.assertEquals(Assert.java:907)
at org.testng.Assert.assertEquals(Assert.java:917)
at APITestCase.ManageInventory.close(ManageInventory.java:44)
at java.base/jdk.internal.reflect.NativeMethodAccessorImpl.invoke0(Native Method)
at java.base/jdk.internal.reflect.NativeMethodAccessorImpl.invoke(NativeMethodAccessorImpl.java:77)
at java.base/jdk.internal.reflect.DelegatingMethodAccessorImpl.invoke(DelegatingMethodAccessorImpl.java:43)
at java.base/java.lang.reflect.Method.invoke(Method.java:568)
at org.testng.internal.MethodInvocationHelper.invokeMethod(MethodInvocationHelper.java:133)
at org.testng.internal.MethodInvocationHelper.invokeMethodConsideringTimeout(MethodInvocationHelper.java:62)
at org.testng.internal.ConfigInvoker.invokeConfigurationMethod(ConfigInvoker.java:385)
at org.testng.internal.ConfigInvoker.invokeConfigurations(ConfigInvoker.java:321)
at org.testng.internal.TestMethodWorker.invokeAfterClassMethods(TestMethodWorker.java:217)
at org.testng.internal.TestMethodWorker.run(TestMethodWorker.java:130)
at java.base/java.util.ArrayList.forEach(ArrayList.java:1511)
at org.testng.TestRunner.privateRun(TestRunner.java:794)
at org.testng.TestRunner.run(TestRunner.java:596)
at org.testng.SuiteRunner.runTest(SuiteRunner.java:377)
at org.testng.SuiteRunner.runSequentially(SuiteRunner.java:371)
at org.testng.SuiteRunner.privateRun(SuiteRunner.java:332)
at org.testng.SuiteRunner.run(SuiteRunner.java:276)
at org.testng.SuiteRunnerWorker.runSuite(SuiteRunnerWorker.java:53)
at org.testng.SuiteRunnerWorker.run(SuiteRunnerWorker.java:96)
at org.testng.TestNG.runSuitesSequentially(TestNG.java:1212)
at org.testng.TestNG.runSuitesLocally(TestNG.java:1134)
at org.testng.TestNG.runSuites(TestNG.java:1063)
at org.testng.TestNG.run(TestNG.java:1031)
at org.testng.remote.AbstractRemoteTestNG.run(AbstractRemoteTestNG.java:115)
at org.testng.remote.RemoteTestNG.initAndRun(RemoteTestNG.java:251)
at org.testng.remote.RemoteTestNG.main(RemoteTestNG.java:77)
]]>
            </full-stacktrace>
          </exception> <!-- java.lang.AssertionError -->
          <reporter-output>
          </reporter-output>
        </test-method> <!-- close -->
      </class> <!-- APITestCase.ManageInventory -->
      <class name="APITestCase.ManageProfile">
        <test-method signature="testLogin()[pri:0, instance:APITestCase.ManageProfile@55a07f97]" started-at="2024-07-08T18:35:06 IST" name="testLogin" finished-at="2024-07-08T18:35:06 IST" duration-ms="144" status="PASS">
          <reporter-output>
          </reporter-output>
        </test-method> <!-- testLogin -->
        <test-method is-config="true" signature="setup()[pri:0, instance:APITestCase.ManageProfile@55a07f97]" started-at="2024-07-08T18:35:06 IST" name="setup" finished-at="2024-07-08T18:35:06 IST" duration-ms="0" status="PASS">
          <reporter-output>
          </reporter-output>
        </test-method> <!-- setup -->
        <test-method signature="testChangePassword()[pri:0, instance:APITestCase.ManageProfile@55a07f97]" started-at="2024-07-08T18:35:06 IST" name="testChangePassword" finished-at="2024-07-08T18:35:07 IST" depends-on-methods="APITestCase.ManageProfile.testLogin" duration-ms="189" status="PASS">
          <reporter-output>
          </reporter-output>
        </test-method> <!-- testChangePassword -->
        <test-method signature="testGetUserProfile()[pri:0, instance:APITestCase.ManageProfile@55a07f97]" started-at="2024-07-08T18:35:07 IST" name="testGetUserProfile" finished-at="2024-07-08T18:35:07 IST" depends-on-methods="APITestCase.ManageProfile.testLogin" duration-ms="162" status="PASS">
          <reporter-output>
          </reporter-output>
        </test-method> <!-- testGetUserProfile -->
        <test-method signature="testRemoveProfileImage()[pri:0, instance:APITestCase.ManageProfile@55a07f97]" started-at="2024-07-08T18:35:07 IST" name="testRemoveProfileImage" finished-at="2024-07-08T18:35:07 IST" depends-on-methods="APITestCase.ManageProfile.testLogin" duration-ms="189" status="PASS">
          <reporter-output>
          </reporter-output>
        </test-method> <!-- testRemoveProfileImage -->
        <test-method signature="testUpdateUserProfile()[pri:0, instance:APITestCase.ManageProfile@55a07f97]" started-at="2024-07-08T18:35:07 IST" name="testUpdateUserProfile" finished-at="2024-07-08T18:35:07 IST" depends-on-methods="APITestCase.ManageProfile.testGetUserProfile" duration-ms="256" status="PASS">
          <reporter-output>
          </reporter-output>
        </test-method> <!-- testUpdateUserProfile -->
        <test-method signature="testUploadProfileImage()[pri:0, instance:APITestCase.ManageProfile@55a07f97]" started-at="2024-07-08T18:35:07 IST" name="testUploadProfileImage" finished-at="2024-07-08T18:35:07 IST" depends-on-methods="APITestCase.ManageProfile.testLogin" duration-ms="290" status="PASS">
          <reporter-output>
          </reporter-output>
        </test-method> <!-- testUploadProfileImage -->
        <test-method is-config="true" signature="close()[pri:0, instance:APITestCase.ManageProfile@55a07f97]" started-at="2024-07-08T18:35:07 IST" name="close" finished-at="2024-07-08T18:35:07 IST" duration-ms="0" status="PASS">
          <reporter-output>
          </reporter-output>
        </test-method> <!-- close -->
      </class> <!-- APITestCase.ManageProfile -->
      <class name="APITestCase.ManageQuotation">
        <test-method is-config="true" signature="setup()[pri:0, instance:APITestCase.ManageQuotation@3e265811]" started-at="2024-07-08T18:35:00 IST" name="setup" finished-at="2024-07-08T18:35:00 IST" duration-ms="1" status="PASS">
          <reporter-output>
          </reporter-output>
        </test-method> <!-- setup -->
        <test-method signature="Login()[pri:0, instance:APITestCase.ManageQuotation@3e265811]" started-at="2024-07-08T18:35:00 IST" name="Login" finished-at="2024-07-08T18:35:00 IST" duration-ms="249" status="PASS">
          <reporter-output>
          </reporter-output>
        </test-method> <!-- Login -->
        <test-method signature="AddLead()[pri:0, instance:APITestCase.ManageQuotation@3e265811]" started-at="2024-07-08T18:35:00 IST" name="AddLead" finished-at="2024-07-08T18:35:01 IST" depends-on-methods="APITestCase.ManageQuotation.Login" duration-ms="208" status="PASS">
          <reporter-output>
          </reporter-output>
        </test-method> <!-- AddLead -->
        <test-method signature="AddBillingAddress()[pri:0, instance:APITestCase.ManageQuotation@3e265811]" started-at="2024-07-08T18:35:01 IST" name="AddBillingAddress" finished-at="2024-07-08T18:35:01 IST" depends-on-methods="APITestCase.ManageQuotation.AddLead" duration-ms="117" status="PASS">
          <reporter-output>
          </reporter-output>
        </test-method> <!-- AddBillingAddress -->
        <test-method signature="AddQuotation()[pri:0, instance:APITestCase.ManageQuotation@3e265811]" started-at="2024-07-08T18:35:01 IST" name="AddQuotation" finished-at="2024-07-08T18:35:01 IST" depends-on-methods="APITestCase.ManageQuotation.Login" duration-ms="251" status="PASS">
          <reporter-output>
          </reporter-output>
        </test-method> <!-- AddQuotation -->
        <test-method signature="AddShippingAddress()[pri:0, instance:APITestCase.ManageQuotation@3e265811]" started-at="2024-07-08T18:35:01 IST" name="AddShippingAddress" finished-at="2024-07-08T18:35:01 IST" depends-on-methods="APITestCase.ManageQuotation.Login" duration-ms="186" status="FAIL">
          <exception class="java.lang.AssertionError">
            <message>
              <![CDATA[1 expectation failed.
JSON path message doesn't match.
Expected: Address added successfully.
  Actual: Pincode must be 6 digit
]]>
            </message>
            <full-stacktrace>
              <![CDATA[java.lang.AssertionError: 1 expectation failed.
JSON path message doesn't match.
Expected: Address added successfully.
  Actual: Pincode must be 6 digit

at java.base/jdk.internal.reflect.NativeConstructorAccessorImpl.newInstance0(Native Method)
at java.base/jdk.internal.reflect.NativeConstructorAccessorImpl.newInstance(NativeConstructorAccessorImpl.java:77)
at java.base/jdk.internal.reflect.DelegatingConstructorAccessorImpl.newInstance(DelegatingConstructorAccessorImpl.java:45)
at java.base/java.lang.reflect.Constructor.newInstanceWithCaller(Constructor.java:499)
at java.base/java.lang.reflect.Constructor.newInstance(Constructor.java:480)
at org.codehaus.groovy.reflection.CachedConstructor.invoke(CachedConstructor.java:73)
at org.codehaus.groovy.runtime.callsite.ConstructorSite$ConstructorSiteNoUnwrapNoCoerce.callConstructor(ConstructorSite.java:108)
at org.codehaus.groovy.runtime.callsite.CallSiteArray.defaultCallConstructor(CallSiteArray.java:57)
at org.codehaus.groovy.runtime.callsite.AbstractCallSite.callConstructor(AbstractCallSite.java:263)
at org.codehaus.groovy.runtime.callsite.AbstractCallSite.callConstructor(AbstractCallSite.java:277)
at io.restassured.internal.ResponseSpecificationImpl$HamcrestAssertionClosure.validate(ResponseSpecificationImpl.groovy:512)
at io.restassured.internal.ResponseSpecificationImpl$HamcrestAssertionClosure$validate$1.call(Unknown Source)
at io.restassured.internal.ResponseSpecificationImpl.validateResponseIfRequired(ResponseSpecificationImpl.groovy:696)
at io.restassured.internal.ResponseSpecificationImpl.this$2$validateResponseIfRequired(ResponseSpecificationImpl.groovy)
at jdk.internal.reflect.GeneratedMethodAccessor122.invoke(Unknown Source)
at java.base/jdk.internal.reflect.DelegatingMethodAccessorImpl.invoke(DelegatingMethodAccessorImpl.java:43)
at java.base/java.lang.reflect.Method.invoke(Method.java:568)
at org.codehaus.groovy.runtime.callsite.PlainObjectMetaMethodSite.doInvoke(PlainObjectMetaMethodSite.java:43)
at org.codehaus.groovy.runtime.callsite.PogoMetaMethodSite$PogoCachedMethodSiteNoUnwrapNoCoerce.invoke(PogoMetaMethodSite.java:198)
at org.codehaus.groovy.runtime.callsite.PogoMetaMethodSite.callCurrent(PogoMetaMethodSite.java:62)
at org.codehaus.groovy.runtime.callsite.AbstractCallSite.callCurrent(AbstractCallSite.java:185)
at io.restassured.internal.ResponseSpecificationImpl.body(ResponseSpecificationImpl.groovy:270)
at io.restassured.specification.ResponseSpecification$body$0.callCurrent(Unknown Source)
at io.restassured.internal.ResponseSpecificationImpl.body(ResponseSpecificationImpl.groovy:117)
at io.restassured.internal.ValidatableResponseOptionsImpl.body(ValidatableResponseOptionsImpl.java:244)
at APITestCase.ManageQuotation.AddShippingAddress(ManageQuotation.java:413)
at java.base/jdk.internal.reflect.NativeMethodAccessorImpl.invoke0(Native Method)
at java.base/jdk.internal.reflect.NativeMethodAccessorImpl.invoke(NativeMethodAccessorImpl.java:77)
at java.base/jdk.internal.reflect.DelegatingMethodAccessorImpl.invoke(DelegatingMethodAccessorImpl.java:43)
at java.base/java.lang.reflect.Method.invoke(Method.java:568)
at org.testng.internal.MethodInvocationHelper.invokeMethod(MethodInvocationHelper.java:133)
at org.testng.internal.TestInvoker.invokeMethod(TestInvoker.java:598)
at org.testng.internal.TestInvoker.invokeTestMethod(TestInvoker.java:173)
at org.testng.internal.MethodRunner.runInSequence(MethodRunner.java:46)
at org.testng.internal.TestInvoker$MethodInvocationAgent.invoke(TestInvoker.java:824)
at org.testng.internal.TestInvoker.invokeTestMethods(TestInvoker.java:146)
at org.testng.internal.TestMethodWorker.invokeTestMethods(TestMethodWorker.java:146)
at org.testng.internal.TestMethodWorker.run(TestMethodWorker.java:128)
at java.base/java.util.ArrayList.forEach(ArrayList.java:1511)
at org.testng.TestRunner.privateRun(TestRunner.java:794)
at org.testng.TestRunner.run(TestRunner.java:596)
at org.testng.SuiteRunner.runTest(SuiteRunner.java:377)
at org.testng.SuiteRunner.runSequentially(SuiteRunner.java:371)
at org.testng.SuiteRunner.privateRun(SuiteRunner.java:332)
at org.testng.SuiteRunner.run(SuiteRunner.java:276)
at org.testng.SuiteRunnerWorker.runSuite(SuiteRunnerWorker.java:53)
at org.testng.SuiteRunnerWorker.run(SuiteRunnerWorker.java:96)
at org.testng.TestNG.runSuitesSequentially(TestNG.java:1212)
at org.testng.TestNG.runSuitesLocally(TestNG.java:1134)
at org.testng.TestNG.runSuites(TestNG.java:1063)
at org.testng.TestNG.run(TestNG.java:1031)
at org.testng.remote.AbstractRemoteTestNG.run(AbstractRemoteTestNG.java:115)
at org.testng.remote.RemoteTestNG.initAndRun(RemoteTestNG.java:251)
at org.testng.remote.RemoteTestNG.main(RemoteTestNG.java:77)
]]>
            </full-stacktrace>
          </exception> <!-- java.lang.AssertionError -->
          <reporter-output>
          </reporter-output>
        </test-method> <!-- AddShippingAddress -->
        <test-method signature="ConvertToOrder()[pri:0, instance:APITestCase.ManageQuotation@3e265811]" started-at="2024-07-08T18:35:01 IST" name="ConvertToOrder" finished-at="2024-07-08T18:35:02 IST" depends-on-methods="APITestCase.ManageQuotation.Login" duration-ms="783" status="PASS">
          <reporter-output>
          </reporter-output>
        </test-method> <!-- ConvertToOrder -->
        <test-method signature="DeleteQuotation()[pri:0, instance:APITestCase.ManageQuotation@3e265811]" started-at="2024-07-08T18:35:02 IST" name="DeleteQuotation" finished-at="2024-07-08T18:35:02 IST" depends-on-methods="APITestCase.ManageQuotation.Login" duration-ms="180" status="PASS">
          <reporter-output>
          </reporter-output>
        </test-method> <!-- DeleteQuotation -->
        <test-method signature="DownloadQuotation()[pri:0, instance:APITestCase.ManageQuotation@3e265811]" started-at="2024-07-08T18:35:02 IST" name="DownloadQuotation" finished-at="2024-07-08T18:35:05 IST" depends-on-methods="APITestCase.ManageQuotation.Login" duration-ms="2951" status="PASS">
          <reporter-output>
          </reporter-output>
        </test-method> <!-- DownloadQuotation -->
        <test-method signature="ExportQuotation()[pri:0, instance:APITestCase.ManageQuotation@3e265811]" started-at="2024-07-08T18:35:05 IST" name="ExportQuotation" finished-at="2024-07-08T18:35:05 IST" depends-on-methods="APITestCase.ManageQuotation.Login" duration-ms="264" status="PASS">
          <reporter-output>
          </reporter-output>
        </test-method> <!-- ExportQuotation -->
        <test-method signature="GetQuotation()[pri:0, instance:APITestCase.ManageQuotation@3e265811]" started-at="2024-07-08T18:35:05 IST" name="GetQuotation" finished-at="2024-07-08T18:35:05 IST" depends-on-methods="APITestCase.ManageQuotation.Login" duration-ms="176" status="PASS">
          <reporter-output>
          </reporter-output>
        </test-method> <!-- GetQuotation -->
        <test-method signature="QuotationDetail()[pri:0, instance:APITestCase.ManageQuotation@3e265811]" started-at="2024-07-08T18:35:05 IST" name="QuotationDetail" finished-at="2024-07-08T18:35:06 IST" depends-on-methods="APITestCase.ManageQuotation.Login" duration-ms="178" status="PASS">
          <reporter-output>
          </reporter-output>
        </test-method> <!-- QuotationDetail -->
        <test-method signature="UpdateBillingAddress()[pri:0, instance:APITestCase.ManageQuotation@3e265811]" started-at="2024-07-08T18:35:06 IST" name="UpdateBillingAddress" finished-at="2024-07-08T18:35:06 IST" depends-on-methods="APITestCase.ManageQuotation.Login" duration-ms="174" status="PASS">
          <reporter-output>
          </reporter-output>
        </test-method> <!-- UpdateBillingAddress -->
        <test-method signature="UpdateQuotation()[pri:0, instance:APITestCase.ManageQuotation@3e265811]" started-at="2024-07-08T18:35:06 IST" name="UpdateQuotation" finished-at="2024-07-08T18:35:06 IST" depends-on-methods="APITestCase.ManageQuotation.Login" duration-ms="192" status="PASS">
          <reporter-output>
          </reporter-output>
        </test-method> <!-- UpdateQuotation -->
        <test-method signature="UpdateShippingAddress()[pri:0, instance:APITestCase.ManageQuotation@3e265811]" started-at="2024-07-08T18:35:06 IST" name="UpdateShippingAddress" finished-at="2024-07-08T18:35:06 IST" depends-on-methods="APITestCase.ManageQuotation.Login" duration-ms="164" status="PASS">
          <reporter-output>
          </reporter-output>
        </test-method> <!-- UpdateShippingAddress -->
        <test-method is-config="true" signature="close()[pri:0, instance:APITestCase.ManageQuotation@3e265811]" started-at="2024-07-08T18:35:06 IST" name="close" finished-at="2024-07-08T18:35:06 IST" duration-ms="0" status="PASS">
          <reporter-output>
          </reporter-output>
        </test-method> <!-- close -->
      </class> <!-- APITestCase.ManageQuotation -->
      <class name="APITestCase.ManageLead">
        <test-method is-config="true" signature="setup()[pri:0, instance:APITestCase.ManageLead@7a3643e3]" started-at="2024-07-08T18:34:51 IST" name="setup" finished-at="2024-07-08T18:34:51 IST" duration-ms="0" status="PASS">
          <reporter-output>
          </reporter-output>
        </test-method> <!-- setup -->
        <test-method signature="Login()[pri:0, instance:APITestCase.ManageLead@7a3643e3]" started-at="2024-07-08T18:34:51 IST" name="Login" finished-at="2024-07-08T18:34:51 IST" duration-ms="198" status="PASS">
          <reporter-output>
          </reporter-output>
        </test-method> <!-- Login -->
        <test-method signature="AddLead()[pri:0, instance:APITestCase.ManageLead@7a3643e3]" started-at="2024-07-08T18:34:51 IST" name="AddLead" finished-at="2024-07-08T18:34:52 IST" depends-on-methods="APITestCase.ManageLead.Login" duration-ms="696" status="PASS">
          <reporter-output>
          </reporter-output>
        </test-method> <!-- AddLead -->
        <test-method signature="AddLeadActivity()[pri:0, instance:APITestCase.ManageLead@7a3643e3]" started-at="2024-07-08T18:34:52 IST" name="AddLeadActivity" finished-at="2024-07-08T18:34:52 IST" depends-on-methods="APITestCase.ManageLead.Login" duration-ms="158" status="PASS">
          <reporter-output>
          </reporter-output>
        </test-method> <!-- AddLeadActivity -->
        <test-method signature="AddTaskForLead()[pri:0, instance:APITestCase.ManageLead@7a3643e3]" started-at="2024-07-08T18:34:52 IST" name="AddTaskForLead" finished-at="2024-07-08T18:34:52 IST" depends-on-methods="APITestCase.ManageLead.Login" duration-ms="195" status="PASS">
          <reporter-output>
          </reporter-output>
        </test-method> <!-- AddTaskForLead -->
        <test-method signature="CheckLeadNumbers()[pri:0, instance:APITestCase.ManageLead@7a3643e3]" started-at="2024-07-08T18:34:52 IST" name="CheckLeadNumbers" finished-at="2024-07-08T18:34:52 IST" depends-on-methods="APITestCase.ManageLead.Login" duration-ms="150" status="PASS">
          <reporter-output>
          </reporter-output>
        </test-method> <!-- CheckLeadNumbers -->
        <test-method signature="DeleteAttachment()[pri:0, instance:APITestCase.ManageLead@7a3643e3]" started-at="2024-07-08T18:34:52 IST" name="DeleteAttachment" finished-at="2024-07-08T18:34:53 IST" depends-on-methods="APITestCase.ManageLead.Login" duration-ms="152" status="PASS">
          <reporter-output>
          </reporter-output>
        </test-method> <!-- DeleteAttachment -->
        <test-method signature="ExportLeads()[pri:0, instance:APITestCase.ManageLead@7a3643e3]" started-at="2024-07-08T18:34:53 IST" name="ExportLeads" finished-at="2024-07-08T18:34:54 IST" depends-on-methods="APITestCase.ManageLead.Login" duration-ms="1566" status="PASS">
          <reporter-output>
          </reporter-output>
        </test-method> <!-- ExportLeads -->
        <test-method signature="GetCity()[pri:0, instance:APITestCase.ManageLead@7a3643e3]" started-at="2024-07-08T18:34:54 IST" name="GetCity" finished-at="2024-07-08T18:34:54 IST" depends-on-methods="APITestCase.ManageLead.Login" duration-ms="113" status="PASS">
          <reporter-output>
          </reporter-output>
        </test-method> <!-- GetCity -->
        <test-method signature="GetLeadActivity()[pri:0, instance:APITestCase.ManageLead@7a3643e3]" started-at="2024-07-08T18:34:54 IST" name="GetLeadActivity" finished-at="2024-07-08T18:34:54 IST" depends-on-methods="APITestCase.ManageLead.Login" duration-ms="126" status="PASS">
          <reporter-output>
          </reporter-output>
        </test-method> <!-- GetLeadActivity -->
        <test-method signature="GetLeadDetails()[pri:0, instance:APITestCase.ManageLead@7a3643e3]" started-at="2024-07-08T18:34:54 IST" name="GetLeadDetails" finished-at="2024-07-08T18:34:55 IST" depends-on-methods="APITestCase.ManageLead.Login" duration-ms="146" status="PASS">
          <reporter-output>
          </reporter-output>
        </test-method> <!-- GetLeadDetails -->
        <test-method signature="GetLeadHistory()[pri:0, instance:APITestCase.ManageLead@7a3643e3]" started-at="2024-07-08T18:34:55 IST" name="GetLeadHistory" finished-at="2024-07-08T18:34:55 IST" depends-on-methods="APITestCase.ManageLead.Login" duration-ms="150" status="PASS">
          <reporter-output>
          </reporter-output>
        </test-method> <!-- GetLeadHistory -->
        <test-method signature="GetLeadOwner()[pri:0, instance:APITestCase.ManageLead@7a3643e3]" started-at="2024-07-08T18:34:55 IST" name="GetLeadOwner" finished-at="2024-07-08T18:34:55 IST" depends-on-methods="APITestCase.ManageLead.Login" duration-ms="210" status="PASS">
          <reporter-output>
          </reporter-output>
        </test-method> <!-- GetLeadOwner -->
        <test-method signature="GetLeadStage()[pri:0, instance:APITestCase.ManageLead@7a3643e3]" started-at="2024-07-08T18:34:55 IST" name="GetLeadStage" finished-at="2024-07-08T18:34:55 IST" depends-on-methods="APITestCase.ManageLead.Login" duration-ms="117" status="PASS">
          <reporter-output>
          </reporter-output>
        </test-method> <!-- GetLeadStage -->
        <test-method signature="GetLeadTask()[pri:0, instance:APITestCase.ManageLead@7a3643e3]" started-at="2024-07-08T18:34:55 IST" name="GetLeadTask" finished-at="2024-07-08T18:34:55 IST" depends-on-methods="APITestCase.ManageLead.Login" duration-ms="197" status="PASS">
          <reporter-output>
          </reporter-output>
        </test-method> <!-- GetLeadTask -->
        <test-method signature="GetLeads()[pri:0, instance:APITestCase.ManageLead@7a3643e3]" started-at="2024-07-08T18:34:55 IST" name="GetLeads" finished-at="2024-07-08T18:34:57 IST" depends-on-methods="APITestCase.ManageLead.Login" duration-ms="1334" status="PASS">
          <reporter-output>
          </reporter-output>
        </test-method> <!-- GetLeads -->
        <test-method signature="GetRequirement()[pri:0, instance:APITestCase.ManageLead@7a3643e3]" started-at="2024-07-08T18:34:57 IST" name="GetRequirement" finished-at="2024-07-08T18:34:57 IST" depends-on-methods="APITestCase.ManageLead.Login" duration-ms="137" status="PASS">
          <reporter-output>
          </reporter-output>
        </test-method> <!-- GetRequirement -->
        <test-method signature="GetStates()[pri:0, instance:APITestCase.ManageLead@7a3643e3]" started-at="2024-07-08T18:34:57 IST" name="GetStates" finished-at="2024-07-08T18:34:57 IST" depends-on-methods="APITestCase.ManageLead.Login" duration-ms="447" status="PASS">
          <reporter-output>
          </reporter-output>
        </test-method> <!-- GetStates -->
        <test-method signature="GetTaskByLeadId()[pri:0, instance:APITestCase.ManageLead@7a3643e3]" started-at="2024-07-08T18:34:57 IST" name="GetTaskByLeadId" finished-at="2024-07-08T18:34:57 IST" depends-on-methods="APITestCase.ManageLead.Login" duration-ms="153" status="PASS">
          <reporter-output>
          </reporter-output>
        </test-method> <!-- GetTaskByLeadId -->
        <test-method signature="MarkLeadAsStar()[pri:0, instance:APITestCase.ManageLead@7a3643e3]" started-at="2024-07-08T18:34:57 IST" name="MarkLeadAsStar" finished-at="2024-07-08T18:34:57 IST" depends-on-methods="APITestCase.ManageLead.Login" duration-ms="145" status="PASS">
          <reporter-output>
          </reporter-output>
        </test-method> <!-- MarkLeadAsStar -->
        <test-method signature="MarkTaskAsCompleted()[pri:0, instance:APITestCase.ManageLead@7a3643e3]" started-at="2024-07-08T18:34:57 IST" name="MarkTaskAsCompleted" finished-at="2024-07-08T18:34:58 IST" depends-on-methods="APITestCase.ManageLead.Login" duration-ms="187" status="PASS">
          <reporter-output>
          </reporter-output>
        </test-method> <!-- MarkTaskAsCompleted -->
        <test-method signature="RescheduleTask()[pri:0, instance:APITestCase.ManageLead@7a3643e3]" started-at="2024-07-08T18:34:58 IST" name="RescheduleTask" finished-at="2024-07-08T18:34:58 IST" depends-on-methods="APITestCase.ManageLead.Login" duration-ms="202" status="PASS">
          <reporter-output>
          </reporter-output>
        </test-method> <!-- RescheduleTask -->
        <test-method signature="UpdateLead()[pri:0, instance:APITestCase.ManageLead@7a3643e3]" started-at="2024-07-08T18:34:58 IST" name="UpdateLead" finished-at="2024-07-08T18:34:58 IST" depends-on-methods="APITestCase.ManageLead.Login" duration-ms="302" status="PASS">
          <reporter-output>
          </reporter-output>
        </test-method> <!-- UpdateLead -->
        <test-method signature="UpdateLeadStage()[pri:0, instance:APITestCase.ManageLead@7a3643e3]" started-at="2024-07-08T18:34:58 IST" name="UpdateLeadStage" finished-at="2024-07-08T18:34:58 IST" depends-on-methods="APITestCase.ManageLead.AddLead" duration-ms="182" status="PASS">
          <reporter-output>
          </reporter-output>
        </test-method> <!-- UpdateLeadStage -->
        <test-method signature="UploadLeadAttachment()[pri:0, instance:APITestCase.ManageLead@7a3643e3]" started-at="2024-07-08T18:34:58 IST" name="UploadLeadAttachment" finished-at="2024-07-08T18:34:59 IST" depends-on-methods="APITestCase.ManageLead.Login" duration-ms="299" status="PASS">
          <reporter-output>
          </reporter-output>
        </test-method> <!-- UploadLeadAttachment -->
        <test-method is-config="true" signature="close()[pri:0, instance:APITestCase.ManageLead@7a3643e3]" started-at="2024-07-08T18:34:59 IST" name="close" finished-at="2024-07-08T18:34:59 IST" duration-ms="0" status="PASS">
          <reporter-output>
          </reporter-output>
        </test-method> <!-- close -->
      </class> <!-- APITestCase.ManageLead -->
      <class name="APITestCase.Dashboard">
        <test-method is-config="true" signature="setup()[pri:0, instance:APITestCase.Dashboard@51d34f02]" started-at="2024-07-08T18:35:09 IST" name="setup" finished-at="2024-07-08T18:35:09 IST" duration-ms="0" status="PASS">
          <reporter-output>
          </reporter-output>
        </test-method> <!-- setup -->
        <test-method signature="Login()[pri:0, instance:APITestCase.Dashboard@51d34f02]" started-at="2024-07-08T18:35:09 IST" name="Login" finished-at="2024-07-08T18:35:09 IST" duration-ms="140" status="PASS">
          <reporter-output>
          </reporter-output>
        </test-method> <!-- Login -->
        <test-method signature="ExportLeadConversionReport()[pri:0, instance:APITestCase.Dashboard@51d34f02]" started-at="2024-07-08T18:35:09 IST" name="ExportLeadConversionReport" finished-at="2024-07-08T18:35:09 IST" depends-on-methods="APITestCase.Dashboard.Login" duration-ms="277" status="PASS">
          <reporter-output>
          </reporter-output>
        </test-method> <!-- ExportLeadConversionReport -->
        <test-method signature="ExportLeadGenerationSources()[pri:0, instance:APITestCase.Dashboard@51d34f02]" started-at="2024-07-08T18:35:09 IST" name="ExportLeadGenerationSources" finished-at="2024-07-08T18:35:09 IST" depends-on-methods="APITestCase.Dashboard.Login" duration-ms="244" status="PASS">
          <reporter-output>
          </reporter-output>
        </test-method> <!-- ExportLeadGenerationSources -->
        <test-method signature="ExportLeadOverDueTask()[pri:0, instance:APITestCase.Dashboard@51d34f02]" started-at="2024-07-08T18:35:09 IST" name="ExportLeadOverDueTask" finished-at="2024-07-08T18:35:10 IST" depends-on-methods="APITestCase.Dashboard.Login" duration-ms="227" status="PASS">
          <reporter-output>
          </reporter-output>
        </test-method> <!-- ExportLeadOverDueTask -->
        <test-method signature="ExportNotYetConvertedQuotation()[pri:0, instance:APITestCase.Dashboard@51d34f02]" started-at="2024-07-08T18:35:10 IST" name="ExportNotYetConvertedQuotation" finished-at="2024-07-08T18:35:10 IST" depends-on-methods="APITestCase.Dashboard.Login" duration-ms="332" status="PASS">
          <reporter-output>
          </reporter-output>
        </test-method> <!-- ExportNotYetConvertedQuotation -->
        <test-method signature="ExportQuotationAnalytics()[pri:0, instance:APITestCase.Dashboard@51d34f02]" started-at="2024-07-08T18:35:10 IST" name="ExportQuotationAnalytics" finished-at="2024-07-08T18:35:10 IST" depends-on-methods="APITestCase.Dashboard.Login" duration-ms="272" status="PASS">
          <reporter-output>
          </reporter-output>
        </test-method> <!-- ExportQuotationAnalytics -->
        <test-method signature="ExportSalesExecutiveQuotationAnalytics()[pri:0, instance:APITestCase.Dashboard@51d34f02]" started-at="2024-07-08T18:35:10 IST" name="ExportSalesExecutiveQuotationAnalytics" finished-at="2024-07-08T18:35:11 IST" depends-on-methods="APITestCase.Dashboard.Login" duration-ms="271" status="PASS">
          <reporter-output>
          </reporter-output>
        </test-method> <!-- ExportSalesExecutiveQuotationAnalytics -->
        <test-method signature="ExportVendorPoorResponse()[pri:0, instance:APITestCase.Dashboard@51d34f02]" started-at="2024-07-08T18:35:11 IST" name="ExportVendorPoorResponse" finished-at="2024-07-08T18:35:11 IST" depends-on-methods="APITestCase.Dashboard.Login" duration-ms="311" status="PASS">
          <reporter-output>
          </reporter-output>
        </test-method> <!-- ExportVendorPoorResponse -->
        <test-method signature="ExportVendorQuickResponse()[pri:0, instance:APITestCase.Dashboard@51d34f02]" started-at="2024-07-08T18:35:11 IST" name="ExportVendorQuickResponse" finished-at="2024-07-08T18:35:11 IST" depends-on-methods="APITestCase.Dashboard.Login" duration-ms="253" status="PASS">
          <reporter-output>
          </reporter-output>
        </test-method> <!-- ExportVendorQuickResponse -->
        <test-method signature="ExportVendorStrikeRate()[pri:0, instance:APITestCase.Dashboard@51d34f02]" started-at="2024-07-08T18:35:11 IST" name="ExportVendorStrikeRate" finished-at="2024-07-08T18:35:11 IST" depends-on-methods="APITestCase.Dashboard.Login" duration-ms="323" status="PASS">
          <reporter-output>
          </reporter-output>
        </test-method> <!-- ExportVendorStrikeRate -->
        <test-method signature="GetDashboardData()[pri:0, instance:APITestCase.Dashboard@51d34f02]" started-at="2024-07-08T18:35:11 IST" name="GetDashboardData" finished-at="2024-07-08T18:35:12 IST" depends-on-methods="APITestCase.Dashboard.Login" duration-ms="199" status="PASS">
          <reporter-output>
          </reporter-output>
        </test-method> <!-- GetDashboardData -->
        <test-method signature="GetLeadAnalaytics()[pri:0, instance:APITestCase.Dashboard@51d34f02]" started-at="2024-07-08T18:35:12 IST" name="GetLeadAnalaytics" finished-at="2024-07-08T18:35:12 IST" depends-on-methods="APITestCase.Dashboard.Login" duration-ms="192" status="PASS">
          <reporter-output>
          </reporter-output>
        </test-method> <!-- GetLeadAnalaytics -->
        <test-method signature="GetOverDueTask()[pri:0, instance:APITestCase.Dashboard@51d34f02]" started-at="2024-07-08T18:35:12 IST" name="GetOverDueTask" finished-at="2024-07-08T18:35:12 IST" depends-on-methods="APITestCase.Dashboard.Login" duration-ms="205" status="PASS">
          <reporter-output>
          </reporter-output>
        </test-method> <!-- GetOverDueTask -->
        <test-method signature="GetQuotationAnalytics()[pri:0, instance:APITestCase.Dashboard@51d34f02]" started-at="2024-07-08T18:35:12 IST" name="GetQuotationAnalytics" finished-at="2024-07-08T18:35:12 IST" depends-on-methods="APITestCase.Dashboard.Login" duration-ms="162" status="PASS">
          <reporter-output>
          </reporter-output>
        </test-method> <!-- GetQuotationAnalytics -->
        <test-method signature="LeadConversionReport()[pri:0, instance:APITestCase.Dashboard@51d34f02]" started-at="2024-07-08T18:35:12 IST" name="LeadConversionReport" finished-at="2024-07-08T18:35:12 IST" depends-on-methods="APITestCase.Dashboard.Login" duration-ms="156" status="PASS">
          <reporter-output>
          </reporter-output>
        </test-method> <!-- LeadConversionReport -->
        <test-method signature="StockCheckAnalytics()[pri:0, instance:APITestCase.Dashboard@51d34f02]" started-at="2024-07-08T18:35:12 IST" name="StockCheckAnalytics" finished-at="2024-07-08T18:35:13 IST" depends-on-methods="APITestCase.Dashboard.Login" duration-ms="171" status="PASS">
          <reporter-output>
          </reporter-output>
        </test-method> <!-- StockCheckAnalytics -->
        <test-method is-config="true" signature="close()[pri:0, instance:APITestCase.Dashboard@51d34f02]" started-at="2024-07-08T18:35:13 IST" name="close" finished-at="2024-07-08T18:35:13 IST" duration-ms="0" status="PASS">
          <reporter-output>
          </reporter-output>
        </test-method> <!-- close -->
      </class> <!-- APITestCase.Dashboard -->
    </test> <!-- Test -->
  </suite> <!-- Suite -->
</testng-results>
